<?xml version="1.0" encoding="UTF-8"?>
<robot generator="Robot 7.3.2 (Python 3.12.10 on win32)" generated="2025-11-07T11:56:26.405135" rpa="false" schemaversion="5">
<suite id="s1" name="Test E2Eflow JiraIssue Task" source="C:\Users\sinvsg\OneDrive - SAS\Documents\PycharmProjects\JIRA_API_UI_Automation\Tests\Test_E2Eflow_JiraIssue_Task.robot">
<kw name="Setup Secrets" owner="JiraAPIKeywords" type="SETUP">
<kw name="Set Log Level" owner="BuiltIn">
<arg>WARN</arg>
<doc>Sets the log threshold to the specified level.</doc>
<status status="PASS" start="2025-11-07T11:56:27.515481" elapsed="0.000000"/>
</kw>
<kw name="INITIALIZE SECRETS" owner="JiraFetchDopplerSecrets">
<status status="PASS" start="2025-11-07T11:56:27.515481" elapsed="0.796166"/>
</kw>
<kw name="Set Log Level" owner="BuiltIn">
<arg>INFO</arg>
<doc>Sets the log threshold to the specified level.</doc>
<status status="PASS" start="2025-11-07T11:56:28.311647" elapsed="0.000000"/>
</kw>
<status status="PASS" start="2025-11-07T11:56:27.514939" elapsed="0.796708"/>
</kw>
<test id="s1-t1" name="Jira Task and Subtask Integration Test via API and UI" line="13">
<kw name="Create Jira Issue" owner="JiraAPIKeywords">
<kw name="Set Variable" owner="BuiltIn">
<msg time="2025-11-07T11:56:28.311647" level="INFO">${request_id} = create_issue_Jira Task and Subtask Integration Test via API and UI</msg>
<var>${request_id}</var>
<arg>create_issue_${TEST NAME}</arg>
<doc>Returns the given values which can then be assigned to a variables.</doc>
<status status="PASS" start="2025-11-07T11:56:28.311647" elapsed="0.000000"/>
</kw>
<kw name="Create Jira Headers" owner="JiraAPIKeywords">
<kw name="Create Dictionary" owner="BuiltIn">
<msg time="2025-11-07T11:56:28.311647" level="INFO">${headers} = {'Content-Type': 'application/json', 'Accept': 'application/json'}</msg>
<var>${headers}</var>
<arg>Content-Type=${content_type}</arg>
<arg>Accept=application/json</arg>
<doc>Creates and returns a dictionary based on the given ``items``.</doc>
<status status="PASS" start="2025-11-07T11:56:28.311647" elapsed="0.000000"/>
</kw>
<return>
<value>${headers}</value>
<status status="PASS" start="2025-11-07T11:56:28.311647" elapsed="0.000000"/>
</return>
<msg time="2025-11-07T11:56:28.315954" level="INFO">${HEADERS} = {'Content-Type': 'application/json', 'Accept': 'application/json'}</msg>
<var>${HEADERS}</var>
<status status="PASS" start="2025-11-07T11:56:28.311647" elapsed="0.004307"/>
</kw>
<kw name="Create Dictionary" owner="BuiltIn">
<msg time="2025-11-07T11:56:28.315954" level="INFO">${project} = {'key': 'DEMO'}</msg>
<var>${project}</var>
<arg>key=${PROJECT_KEY}</arg>
<doc>Creates and returns a dictionary based on the given ``items``.</doc>
<status status="PASS" start="2025-11-07T11:56:28.315954" elapsed="0.000000"/>
</kw>
<kw name="Create Dictionary" owner="BuiltIn">
<msg time="2025-11-07T11:56:28.316501" level="INFO">${issuetype} = {'name': 'Task'}</msg>
<var>${issuetype}</var>
<arg>name=Task</arg>
<doc>Creates and returns a dictionary based on the given ``items``.</doc>
<status status="PASS" start="2025-11-07T11:56:28.315954" elapsed="0.000547"/>
</kw>
<kw name="Create Dictionary" owner="BuiltIn">
<msg time="2025-11-07T11:56:28.316501" level="INFO">${fields} = {'project': {'key': 'DEMO'}, 'summary': 'Automated Test Issue', 'description': 'Created via Robot Framework', 'issuetype': {'name': 'Task'}}</msg>
<var>${fields}</var>
<arg>project=${project}</arg>
<arg>summary=Automated Test Issue</arg>
<arg>description=Created via Robot Framework</arg>
<arg>issuetype=${issuetype}</arg>
<doc>Creates and returns a dictionary based on the given ``items``.</doc>
<status status="PASS" start="2025-11-07T11:56:28.316501" elapsed="0.000000"/>
</kw>
<kw name="Create Dictionary" owner="BuiltIn">
<msg time="2025-11-07T11:56:28.317118" level="INFO">${payload} = {'fields': {'project': {'key': 'DEMO'}, 'summary': 'Automated Test Issue', 'description': 'Created via Robot Framework', 'issuetype': {'name': 'Task'}}}</msg>
<var>${payload}</var>
<arg>fields=${fields}</arg>
<doc>Creates and returns a dictionary based on the given ``items``.</doc>
<status status="PASS" start="2025-11-07T11:56:28.316501" elapsed="0.000617"/>
</kw>
<kw name="Make HTTP Request" owner="RESTLibrary">
<msg time="2025-11-07T11:56:28.318255" level="INFO">${requestInfo} = &lt;RESTLibrary.request_info.request_info object at 0x0000026421412FC0&gt;</msg>
<kw name="Generate HTTP Request" owner="RESTLibrary">
<kw name="Generate Url" owner="RESTLibrary">
<kw name="Log" owner="BuiltIn">
<msg time="2025-11-07T11:56:28.318797" level="INFO">https://automationbot999.atlassian.net/rest/api/2/issue</msg>
<arg>${_requestInfo.url}</arg>
<doc>Logs the given message with the given level.</doc>
<status status="PASS" start="2025-11-07T11:56:28.318797" elapsed="0.000000"/>
</kw>
<arg>${_requestInfo}</arg>
<status status="PASS" start="2025-11-07T11:56:28.318255" elapsed="0.000542"/>
</kw>
<kw name="Process Authentication" owner="RESTLibrary">
<msg time="2025-11-07T11:56:28.318797" level="INFO">Basic YXV0b21hdGlvbmJvdDk5OUBnbWFpbC5jb206QVRBVFQzeEZmR0YwcWl5MU9HZzN5N2tya19fY3piaHhDTE9ISjZoVXpLbnRUeEE3aEQtVmY4bGVKLURIUmE5bnIxcEctOTVodVlwQ25SNllDMFRQU0pLaUFvc0l4RmJpUUxNWDd2N2VoQzJqQ0dMUWZSZXJvdGJPYkJLbFRsN0tZa0pvZHU0U0tnSlhuNzNtRnVueUlTWm5yMXpYOHVjMjZnX2I3dmpYMEdhWkxCNmUzcGVPZE1RPTI4RTkxOUUy</msg>
<arg>${_requestInfo}</arg>
<status status="PASS" start="2025-11-07T11:56:28.318797" elapsed="0.000000"/>
</kw>
<kw name="Generate Request Headers" owner="RESTLibrary">
<kw name="Log" owner="BuiltIn">
<msg time="2025-11-07T11:56:28.320309" level="INFO">{'Content-Type': 'application/json', 'Accept': 'application/json', 'Authorization': 'Basic YXV0b21hdGlvbmJvdDk5OUBnbWFpbC5jb206QVRBVFQzeEZmR0YwcWl5MU9HZzN5N2tya19fY3piaHhDTE9ISjZoVXpLbnRUeEE3aEQtVmY4bGVKLURIUmE5bnIxcEctOTVodVlwQ25SNllDMFRQU0pLaUFvc0l4RmJpUUxNWDd2N2VoQzJqQ0dMUWZSZXJvdGJPYkJLbFRsN0tZa0pvZHU0U0tnSlhuNzNtRnVueUlTWm5yMXpYOHVjMjZnX2I3dmpYMEdhWkxCNmUzcGVPZE1RPTI4RTkxOUUy'}</msg>
<arg>${_requestInfo.requestHeaders}</arg>
<doc>Logs the given message with the given level.</doc>
<status status="PASS" start="2025-11-07T11:56:28.318797" elapsed="0.001512"/>
</kw>
<arg>${_requestInfo}</arg>
<status status="PASS" start="2025-11-07T11:56:28.318797" elapsed="0.001512"/>
</kw>
<kw name="Generate Request Body" owner="RESTLibrary">
<kw name="Log" owner="BuiltIn">
<msg time="2025-11-07T11:56:28.320309" level="INFO">{"fields": {"project": {"key": "DEMO"}, "summary": "Automated Test Issue", "description": "Created via Robot Framework", "issuetype": {"name": "Task"}}}</msg>
<arg>${_requestInfo.requestBody}</arg>
<doc>Logs the given message with the given level.</doc>
<status status="PASS" start="2025-11-07T11:56:28.320309" elapsed="0.000000"/>
</kw>
<arg>${_requestInfo}</arg>
<status status="PASS" start="2025-11-07T11:56:28.320309" elapsed="0.000000"/>
</kw>
<arg>${requestInfo}</arg>
<status status="PASS" start="2025-11-07T11:56:28.318255" elapsed="0.002054"/>
</kw>
<msg time="2025-11-07T11:56:28.320309" level="INFO">${requestInfo} = &lt;RESTLibrary.request_info.request_info object at 0x0000026421412FC0&gt;</msg>
<kw name="Process Http Request" owner="RESTLibrary">
<kw name="Log" owner="BuiltIn">
<msg time="2025-11-07T11:56:29.694603" level="INFO">{
    "id": "10882",
    "key": "DEMO-351",
    "self": "https://automationbot999.atlassian.net/rest/api/2/issue/10882"
}</msg>
<arg>${_requestInfo.responseBody}</arg>
<doc>Logs the given message with the given level.</doc>
<status status="PASS" start="2025-11-07T11:56:29.694033" elapsed="0.000570"/>
</kw>
<kw name="Log" owner="BuiltIn">
<msg time="2025-11-07T11:56:29.695189" level="INFO">{
    "Content-Type": "application/json;charset=UTF-8",
    "Transfer-Encoding": "chunked",
    "Connection": "keep-alive",
    "Date": "Fri, 07 Nov 2025 06:26:28 GMT",
    "Server": "AtlassianEdge",
    "Timing-Allow-Origin": "*",
    "X-Arequestid": "9651feb87ac1e4b800124b8f9bf23bde",
    "Set-Cookie": "atlassian.xsrf.token=89b34791eb0c7c9c8761e576356fe70aa1772d09_lin; Path=/; SameSite=None; Secure",
    "X-Aaccountid": "712020%3Aff5b844e-f255-4bab-964d-19098454b36c",
    "Cache-Control": "no-cache, no-store, no-transform",
    "X-Beta-Ratelimit-Limit": "200",
    "X-Beta-Ratelimit-Remaining": "199",
    "Vary": "Accept-Encoding",
    "X-Content-Type-Options": "nosniff",
    "X-Xss-Protection": "1; mode=block",
    "Atl-Traceid": "653360b96aa8445998f281da868e4060",
    "Atl-Request-Id": "653360b9-6aa8-4459-98f2-81da868e4060",
    "Strict-Transport-Security": "max-age=63072000; includeSubDomains; preload",
    "Report-To": "{\"endpoints\": [{\"url\": \"https://dz8aopenkvv6s.cloudfront.net\"}], \"group\": \"endpoint-1\", \"include_subdomains\": true, \"max_age\": 600}",
    "Nel": "{\"failure_fraction\": 0.001, \"include_subdomains\": true, \"max_age\": 600, \"report_to\": \"endpoint-1\"}",
    "X-Cache": "Miss from cloudfront",
    "Via": "1.1 3b6aeed32abe8c5c8407517517c3a734.cloudfront.net (CloudFront)",
    "X-Amz-Cf-Pop": "BOM54-P2",
    "X-Amz-Cf-Id": "4MjKjCWgKuLKatOypV35QUI1Nd5lJLad5XZMadF4SOaJkPJAW6yeIA==",
    "Server-Timing": "cdn-upstream-layer;desc=\"EDGE\",cdn-upstream-dns;dur=0,cdn-upstream-connect;dur=0,cdn-upstream-fbl;dur=822,atl-edge;dur=817,atl-edge-internal;dur=15,atl-edge-upstream;dur=803,atl-edge-pop;desc=\"aws-ap-south-1\",cdn-cache-miss,cdn-pop;desc=\"BOM54-P2\",cdn-rid;desc=\"4MjKjCWgKuLKatOypV35QUI1Nd5lJLad5XZMadF4SOaJkPJAW6yeIA==\",cdn-downstream-fbl;dur=825"
}</msg>
<arg>${_requestInfo.responseHeaders}</arg>
<doc>Logs the given message with the given level.</doc>
<status status="PASS" start="2025-11-07T11:56:29.694603" elapsed="0.001143"/>
</kw>
<kw name="Log" owner="BuiltIn">
<msg time="2025-11-07T11:56:29.696389" level="INFO">201</msg>
<arg>${_requestInfo.responseStatusCode}</arg>
<doc>Logs the given message with the given level.</doc>
<status status="PASS" start="2025-11-07T11:56:29.695746" elapsed="0.000643"/>
</kw>
<arg>${requestInfo}</arg>
<status status="PASS" start="2025-11-07T11:56:28.320309" elapsed="1.376080"/>
</kw>
<msg time="2025-11-07T11:56:29.696389" level="INFO">${requestInfo} = &lt;RESTLibrary.request_info.request_info object at 0x0000026421412FC0&gt;</msg>
<kw name="Verify Response Against Baselines" owner="RESTLibrary">
<kw name="Verify Status Code" owner="RESTLibrary">
<kw name="Should Be Equal As Strings" owner="BuiltIn">
<arg>201</arg>
<arg>201</arg>
<doc>Fails if objects are unequal after converting them to strings.</doc>
<status status="PASS" start="2025-11-07T11:56:29.696922" elapsed="0.000000"/>
</kw>
<arg>&lt;RESTLibrary.request_info.request_info object at 0x0000026421412FC0&gt;</arg>
<status status="PASS" start="2025-11-07T11:56:29.696922" elapsed="0.000000"/>
</kw>
<arg>${requestInfo}</arg>
<status status="PASS" start="2025-11-07T11:56:29.696922" elapsed="0.000000"/>
</kw>
<arg>${request_id}</arg>
<arg>${BASE_URL}/rest/api/2/issue</arg>
<arg>method=POST</arg>
<arg>requestHeaders=${HEADERS}</arg>
<arg>requestBody=${payload}</arg>
<arg>expectedStatusCode=201</arg>
<arg>authType=Basic</arg>
<arg>username=${email}</arg>
<arg>password=${token}</arg>
<doc> requestid : an alphanumeric value which helps identify an HTTP request uniquely
 url : entire URI which needs to be invoked, including query parameters.
 method : HTTP method/verb to be used for the REST call, default is GET, other supported values are HEAD, POST, PUT, PATCH and DELETE
 requestHeaders : a dictionary of all the headers which need to be passed with HTTP request, default is empty dictionary which means no headers.
 requestBody : payload/data to be posted along with the request, it can be either a file-path or content itself
 timeout : request timeout in seconds
 authType : Type of authentication to be used, default is NoAuth, means no authentication (default can be changed while importing the library with authType=&lt;myDefaultAuthType\&gt; parameter), other supported value is Basic.
 You can also choose not to use authType variable and provide auth token on your own while making the request in request headers or url based on your API.
 username : username to be used for authentication while making the request, you can also declare a global/suite/test variable ${username} beforehand rather than passing it with each request. username passed with request will override the global variable.
 password : password to be used for authentication while making the request, you can also declare a global/suite/test variable ${password} beforehand rather than passing it with each request. password passed with request will override the global variable.
# Response Channelization
sponse Channelization (RC) is special and unique feature of RESTLibrary, which lets you extract and channelize the data from response of one API call to next API call with least efforts and in scalable manner.
 It can channelize data from response body and response headers both.
 In case of response body channelization you can either channelize selective data or entire body itself based on your need.
 While channelizing entire body you also have an option to update it if needed.</doc>
<status status="PASS" start="2025-11-07T11:56:28.317118" elapsed="1.379804"/>
</kw>
<kw name="Extract From Response" owner="JiraAPIKeywords">
<kw name="Execute RC" owner="RESTLibrary">
<msg time="2025-11-07T11:56:29.753509" level="INFO">data_manager.RC('''create_issue_Jira Task and Subtask Integration Test via API and UI''','''body''','''$.key''')
DEMO-351</msg>
<msg time="2025-11-07T11:56:29.753509" level="INFO">${value} = DEMO-351</msg>
<var>${value}</var>
<arg>&lt;&lt;&lt;rc, ${request_id}, body, ${json_path}&gt;&gt;&gt;</arg>
<doc>input : lets you evaluate all the RC macros, including multiple RCs and NOW immediately and run the response channelization, you can store the value in any variable and use it as required
                            &lt;&lt;&lt;NOW&gt;&gt;&gt;___SomeText__&lt;&lt;&lt;RC, src request id, body, json path&gt;&gt;&gt;
                            &lt;&lt;&lt;NOW&gt;&gt;&gt;
                            &lt;&lt;&lt;RC, src request id, body, json path&gt;&gt;&gt;
                            &lt;&lt;&lt;RC, src request id, header, header name&gt;&gt;&gt;
                          we can also have an Entire Response Channelization where entire response of the src request will be channelized after merging with the patch json, patch can be a file path or json conrent
                          using this we can add, delete and update the nodes from src json response. (deletion can be achieved using &lt;&lt;&lt;delete&gt;&gt;&gt; value)
                            &lt;&lt;&lt;RC, src request id, body, patch json&gt;&gt;&gt;
Returns:
    returns the value after running the response channelization, it could be a single node value or entire json, depending on whether it is normal RC or entire</doc>
<status status="PASS" start="2025-11-07T11:56:29.697616" elapsed="0.055893"/>
</kw>
<return>
<value>${value}</value>
<status status="PASS" start="2025-11-07T11:56:29.756001" elapsed="0.000000"/>
</return>
<msg time="2025-11-07T11:56:29.756001" level="INFO">${issue_key} = DEMO-351</msg>
<var>${issue_key}</var>
<arg>${request_id}</arg>
<arg>$.key</arg>
<status status="PASS" start="2025-11-07T11:56:29.696922" elapsed="0.059079"/>
</kw>
<kw name="Log" owner="BuiltIn">
<msg time="2025-11-07T11:56:29.756001" level="INFO">Created Jira issue with key: DEMO-351 and summary: Automated Test Issue</msg>
<arg>Created Jira issue with key: ${issue_key} and summary: Automated Test Issue</arg>
<arg>console=True</arg>
<doc>Logs the given message with the given level.</doc>
<status status="PASS" start="2025-11-07T11:56:29.756001" elapsed="0.000000"/>
</kw>
<return>
<value>${issue_key}</value>
<status status="PASS" start="2025-11-07T11:56:29.756001" elapsed="0.000000"/>
</return>
<msg time="2025-11-07T11:56:29.756001" level="INFO">${issue_key} = DEMO-351</msg>
<var>${issue_key}</var>
<arg>${EMAIL}</arg>
<arg>${API_TOKEN}</arg>
<status status="PASS" start="2025-11-07T11:56:28.311647" elapsed="1.444354"/>
</kw>
<kw name="Change Issue Status To In Progress" owner="JiraAPIKeywords">
<kw name="Create Jira Headers" owner="JiraAPIKeywords">
<kw name="Create Dictionary" owner="BuiltIn">
<msg time="2025-11-07T11:56:29.756001" level="INFO">${headers} = {'Content-Type': 'application/json', 'Accept': 'application/json'}</msg>
<var>${headers}</var>
<arg>Content-Type=${content_type}</arg>
<arg>Accept=application/json</arg>
<doc>Creates and returns a dictionary based on the given ``items``.</doc>
<status status="PASS" start="2025-11-07T11:56:29.756001" elapsed="0.000000"/>
</kw>
<return>
<value>${headers}</value>
<status status="PASS" start="2025-11-07T11:56:29.756001" elapsed="0.000000"/>
</return>
<msg time="2025-11-07T11:56:29.756001" level="INFO">${headers} = {'Content-Type': 'application/json', 'Accept': 'application/json'}</msg>
<var>${headers}</var>
<status status="PASS" start="2025-11-07T11:56:29.756001" elapsed="0.000000"/>
</kw>
<kw name="Set Variable" owner="BuiltIn">
<msg time="2025-11-07T11:56:29.756001" level="INFO">${transition_req} = get_transitions_DEMO-351</msg>
<var>${transition_req}</var>
<arg>get_transitions_${issue_key}</arg>
<doc>Returns the given values which can then be assigned to a variables.</doc>
<status status="PASS" start="2025-11-07T11:56:29.756001" elapsed="0.000000"/>
</kw>
<kw name="Make HTTP Request" owner="RESTLibrary">
<msg time="2025-11-07T11:56:29.756001" level="INFO">${requestInfo} = &lt;RESTLibrary.request_info.request_info object at 0x00000264214630E0&gt;</msg>
<kw name="Generate HTTP Request" owner="RESTLibrary">
<kw name="Generate Url" owner="RESTLibrary">
<kw name="Log" owner="BuiltIn">
<msg time="2025-11-07T11:56:29.756001" level="INFO">https://automationbot999.atlassian.net/rest/api/2/issue/DEMO-351/transitions</msg>
<arg>${_requestInfo.url}</arg>
<doc>Logs the given message with the given level.</doc>
<status status="PASS" start="2025-11-07T11:56:29.756001" elapsed="0.000000"/>
</kw>
<arg>${_requestInfo}</arg>
<status status="PASS" start="2025-11-07T11:56:29.756001" elapsed="0.000000"/>
</kw>
<kw name="Process Authentication" owner="RESTLibrary">
<msg time="2025-11-07T11:56:29.756001" level="INFO">Basic YXV0b21hdGlvbmJvdDk5OUBnbWFpbC5jb206QVRBVFQzeEZmR0YwcWl5MU9HZzN5N2tya19fY3piaHhDTE9ISjZoVXpLbnRUeEE3aEQtVmY4bGVKLURIUmE5bnIxcEctOTVodVlwQ25SNllDMFRQU0pLaUFvc0l4RmJpUUxNWDd2N2VoQzJqQ0dMUWZSZXJvdGJPYkJLbFRsN0tZa0pvZHU0U0tnSlhuNzNtRnVueUlTWm5yMXpYOHVjMjZnX2I3dmpYMEdhWkxCNmUzcGVPZE1RPTI4RTkxOUUy</msg>
<arg>${_requestInfo}</arg>
<status status="PASS" start="2025-11-07T11:56:29.756001" elapsed="0.000000"/>
</kw>
<kw name="Generate Request Headers" owner="RESTLibrary">
<kw name="Log" owner="BuiltIn">
<msg time="2025-11-07T11:56:29.756001" level="INFO">{'Content-Type': 'application/json', 'Accept': 'application/json', 'Authorization': 'Basic YXV0b21hdGlvbmJvdDk5OUBnbWFpbC5jb206QVRBVFQzeEZmR0YwcWl5MU9HZzN5N2tya19fY3piaHhDTE9ISjZoVXpLbnRUeEE3aEQtVmY4bGVKLURIUmE5bnIxcEctOTVodVlwQ25SNllDMFRQU0pLaUFvc0l4RmJpUUxNWDd2N2VoQzJqQ0dMUWZSZXJvdGJPYkJLbFRsN0tZa0pvZHU0U0tnSlhuNzNtRnVueUlTWm5yMXpYOHVjMjZnX2I3dmpYMEdhWkxCNmUzcGVPZE1RPTI4RTkxOUUy'}</msg>
<arg>${_requestInfo.requestHeaders}</arg>
<doc>Logs the given message with the given level.</doc>
<status status="PASS" start="2025-11-07T11:56:29.756001" elapsed="0.000000"/>
</kw>
<arg>${_requestInfo}</arg>
<status status="PASS" start="2025-11-07T11:56:29.756001" elapsed="0.000000"/>
</kw>
<arg>${requestInfo}</arg>
<status status="PASS" start="2025-11-07T11:56:29.756001" elapsed="0.000000"/>
</kw>
<msg time="2025-11-07T11:56:29.756001" level="INFO">${requestInfo} = &lt;RESTLibrary.request_info.request_info object at 0x00000264214630E0&gt;</msg>
<kw name="Process Http Request" owner="RESTLibrary">
<kw name="Log" owner="BuiltIn">
<msg time="2025-11-07T11:56:30.599364" level="INFO">{
    "expand": "transitions",
    "transitions": [
        {
            "id": "11",
            "name": "To Do",
            "to": {
                "self": "https://automationbot999.atlassian.net/rest/api/2/status/10000",
                "description": "",
                "iconUrl": "https://automationbot999.atlassian.net/images/icons/statuses/generic.png",
                "name": "To Do",
                "id": "10000",
                "statusCategory": {
                    "self": "https://automationbot999.atlassian.net/rest/api/2/statuscategory/2",
                    "id": 2,
                    "key": "new",
                    "colorName": "blue-gray",
                    "name": "To Do"
                }
            },
            "hasScreen": false,
            "isGlobal": true,
            "isInitial": false,
            "isAvailable": true,
            "isConditional": false,
            "isLooped": false
        },
        {
            "id": "21",
            "name": "In Progress",
            "to": {
                "self": "https://automationbot999.atlassian.net/rest/api/2/status/10001",
                "description": "This work item is being actively worked on at the moment by the assignee.",
                "iconUrl": "https://automationbot999.atlassian.net/images/icons/statuses/generic.png",
                "name": "In Progress",
                "id": "10001",
                "statusCategory": {
                    "self": "https://automationbot999.atlassian.net/rest/api/2/statuscategory/4",
                    "id": 4,
                    "key": "indeterminate",
                    "colorName": "yellow",
                    "name": "In Progress"
                }
            },
            "hasScreen": false,
            "isGlobal": true,
            "isInitial": false,
            "isAvailable": true,
            "isConditional": false,
            "isLooped": false
        },
        {
            "id": "31",
            "name": "In Review",
            "to": {
                "self": "https://automationbot999.atlassian.net/rest/api/2/status/10002",
                "description": "",
                "iconUrl": "https://automationbot999.atlassian.net/images/icons/statuses/generic.png",
                "name": "In Review",
                "id": "10002",
                "statusCategory": {
                    "self": "https://automationbot999.atlassian.net/rest/api/2/statuscategory/4",
                    "id": 4,
                    "key": "indeterminate",
                    "colorName": "yellow",
                    "name": "In Progress"
                }
            },
            "hasScreen": false,
            "isGlobal": true,
            "isInitial": false,
            "isAvailable": true,
            "isConditional": false,
            "isLooped": false
        },
        {
            "id": "41",
            "name": "Done",
            "to": {
                "self": "https://automationbot999.atlassian.net/rest/api/2/status/10003",
                "description": "",
                "iconUrl": "https://automationbot999.atlassian.net/images/icons/statuses/generic.png",
                "name": "Done",
                "id": "10003",
                "statusCategory": {
                    "self": "https://automationbot999.atlassian.net/rest/api/2/statuscategory/3",
                    "id": 3,
                    "key": "done",
                    "colorName": "green",
                    "name": "Done"
                }
            },
            "hasScreen": false,
            "isGlobal": true,
            "isInitial": false,
            "isAvailable": true,
            "isConditional": false,
            "isLooped": false
        }
    ]
}</msg>
<arg>${_requestInfo.responseBody}</arg>
<doc>Logs the given message with the given level.</doc>
<status status="PASS" start="2025-11-07T11:56:30.599364" elapsed="0.000000"/>
</kw>
<kw name="Log" owner="BuiltIn">
<msg time="2025-11-07T11:56:30.599364" level="INFO">{
    "Content-Type": "application/json;charset=UTF-8",
    "Transfer-Encoding": "chunked",
    "Connection": "keep-alive",
    "Date": "Fri, 07 Nov 2025 06:26:29 GMT",
    "Server": "AtlassianEdge",
    "Timing-Allow-Origin": "*",
    "X-Arequestid": "c923c13dfd4126fadaed33d07e6f35cc",
    "Set-Cookie": "atlassian.xsrf.token=9e5ccfaeb4b25853c66fc0753667dbffcccce122_lin; Path=/; SameSite=None; Secure",
    "X-Aaccountid": "712020%3Aff5b844e-f255-4bab-964d-19098454b36c",
    "Cache-Control": "no-cache, no-store, no-transform",
    "X-Beta-Ratelimit-Limit": "350",
    "X-Beta-Ratelimit-Remaining": "349",
    "Vary": "Accept-Encoding",
    "Content-Encoding": "gzip",
    "X-Content-Type-Options": "nosniff",
    "X-Xss-Protection": "1; mode=block",
    "Atl-Traceid": "e13564354e854f23a12fce9f5aaffe09",
    "Atl-Request-Id": "e1356435-4e85-4f23-a12f-ce9f5aaffe09",
    "Strict-Transport-Security": "max-age=63072000; includeSubDomains; preload",
    "Report-To": "{\"endpoints\": [{\"url\": \"https://dz8aopenkvv6s.cloudfront.net\"}], \"group\": \"endpoint-1\", \"include_subdomains\": true, \"max_age\": 600}",
    "Nel": "{\"failure_fraction\": 0.001, \"include_subdomains\": true, \"max_age\": 600, \"report_to\": \"endpoint-1\"}",
    "X-Cache": "Miss from cloudfront",
    "Via": "1.1 add4f5f191fdb7d5adcd36c6fbc48b5a.cloudfront.net (CloudFront)",
    "X-Amz-Cf-Pop": "BOM78-P7",
    "X-Amz-Cf-Id": "u9AP9kf6zDi0dNSYyN26PwD1I27l34Tez7BN6N3kaP543OBvnv7T3g==",
    "Server-Timing": "cdn-upstream-layer;desc=\"EDGE\",cdn-upstream-dns;dur=0,cdn-upstream-connect;dur=1,cdn-upstream-fbl;dur=255,atl-edge;dur=248,atl-edge-internal;dur=12,atl-edge-upstream;dur=236,atl-edge-pop;desc=\"aws-ap-south-1\",cdn-cache-miss,cdn-pop;desc=\"BOM78-P7\",cdn-rid;desc=\"u9AP9kf6zDi0dNSYyN26PwD1I27l34Tez7BN6N3kaP543OBvnv7T3g==\",cdn-downstream-fbl;dur=259"
}</msg>
<arg>${_requestInfo.responseHeaders}</arg>
<doc>Logs the given message with the given level.</doc>
<status status="PASS" start="2025-11-07T11:56:30.599364" elapsed="0.000000"/>
</kw>
<kw name="Log" owner="BuiltIn">
<msg time="2025-11-07T11:56:30.601998" level="INFO">200</msg>
<arg>${_requestInfo.responseStatusCode}</arg>
<doc>Logs the given message with the given level.</doc>
<status status="PASS" start="2025-11-07T11:56:30.599364" elapsed="0.002634"/>
</kw>
<arg>${requestInfo}</arg>
<status status="PASS" start="2025-11-07T11:56:29.756001" elapsed="0.845997"/>
</kw>
<msg time="2025-11-07T11:56:30.601998" level="INFO">${requestInfo} = &lt;RESTLibrary.request_info.request_info object at 0x00000264214630E0&gt;</msg>
<kw name="Verify Response Against Baselines" owner="RESTLibrary">
<kw name="Verify Status Code" owner="RESTLibrary">
<kw name="Should Be Equal As Strings" owner="BuiltIn">
<arg>200</arg>
<arg>200</arg>
<doc>Fails if objects are unequal after converting them to strings.</doc>
<status status="PASS" start="2025-11-07T11:56:30.601998" elapsed="0.000000"/>
</kw>
<arg>&lt;RESTLibrary.request_info.request_info object at 0x00000264214630E0&gt;</arg>
<status status="PASS" start="2025-11-07T11:56:30.601998" elapsed="0.000000"/>
</kw>
<arg>${requestInfo}</arg>
<status status="PASS" start="2025-11-07T11:56:30.601998" elapsed="0.000000"/>
</kw>
<arg>${transition_req}</arg>
<arg>${BASE_URL}/rest/api/2/issue/${issue_key}/transitions</arg>
<arg>method=GET</arg>
<arg>requestHeaders=${headers}</arg>
<arg>expectedStatusCode=200</arg>
<arg>authType=Basic</arg>
<arg>username=${email}</arg>
<arg>password=${token}</arg>
<doc> requestid : an alphanumeric value which helps identify an HTTP request uniquely
 url : entire URI which needs to be invoked, including query parameters.
 method : HTTP method/verb to be used for the REST call, default is GET, other supported values are HEAD, POST, PUT, PATCH and DELETE
 requestHeaders : a dictionary of all the headers which need to be passed with HTTP request, default is empty dictionary which means no headers.
 requestBody : payload/data to be posted along with the request, it can be either a file-path or content itself
 timeout : request timeout in seconds
 authType : Type of authentication to be used, default is NoAuth, means no authentication (default can be changed while importing the library with authType=&lt;myDefaultAuthType\&gt; parameter), other supported value is Basic.
 You can also choose not to use authType variable and provide auth token on your own while making the request in request headers or url based on your API.
 username : username to be used for authentication while making the request, you can also declare a global/suite/test variable ${username} beforehand rather than passing it with each request. username passed with request will override the global variable.
 password : password to be used for authentication while making the request, you can also declare a global/suite/test variable ${password} beforehand rather than passing it with each request. password passed with request will override the global variable.
# Response Channelization
sponse Channelization (RC) is special and unique feature of RESTLibrary, which lets you extract and channelize the data from response of one API call to next API call with least efforts and in scalable manner.
 It can channelize data from response body and response headers both.
 In case of response body channelization you can either channelize selective data or entire body itself based on your need.
 While channelizing entire body you also have an option to update it if needed.</doc>
<status status="PASS" start="2025-11-07T11:56:29.756001" elapsed="0.845997"/>
</kw>
<kw name="Extract From Response" owner="JiraAPIKeywords">
<kw name="Execute RC" owner="RESTLibrary">
<msg time="2025-11-07T11:56:30.609236" level="INFO">data_manager.RC('''get_transitions_DEMO-351''','''body''','''$.transitions[?(@.name=="In Progress")].id''')
21</msg>
<msg time="2025-11-07T11:56:30.609236" level="INFO">${value} = 21</msg>
<var>${value}</var>
<arg>&lt;&lt;&lt;rc, ${request_id}, body, ${json_path}&gt;&gt;&gt;</arg>
<doc>input : lets you evaluate all the RC macros, including multiple RCs and NOW immediately and run the response channelization, you can store the value in any variable and use it as required
                            &lt;&lt;&lt;NOW&gt;&gt;&gt;___SomeText__&lt;&lt;&lt;RC, src request id, body, json path&gt;&gt;&gt;
                            &lt;&lt;&lt;NOW&gt;&gt;&gt;
                            &lt;&lt;&lt;RC, src request id, body, json path&gt;&gt;&gt;
                            &lt;&lt;&lt;RC, src request id, header, header name&gt;&gt;&gt;
                          we can also have an Entire Response Channelization where entire response of the src request will be channelized after merging with the patch json, patch can be a file path or json conrent
                          using this we can add, delete and update the nodes from src json response. (deletion can be achieved using &lt;&lt;&lt;delete&gt;&gt;&gt; value)
                            &lt;&lt;&lt;RC, src request id, body, patch json&gt;&gt;&gt;
Returns:
    returns the value after running the response channelization, it could be a single node value or entire json, depending on whether it is normal RC or entire</doc>
<status status="PASS" start="2025-11-07T11:56:30.603857" elapsed="0.005379"/>
</kw>
<return>
<value>${value}</value>
<status status="PASS" start="2025-11-07T11:56:30.609236" elapsed="0.000000"/>
</return>
<msg time="2025-11-07T11:56:30.609236" level="INFO">${transition_id} = 21</msg>
<var>${transition_id}</var>
<arg>${transition_req}</arg>
<arg>$.transitions[?(@.name=="In Progress")].id</arg>
<status status="PASS" start="2025-11-07T11:56:30.601998" elapsed="0.007238"/>
</kw>
<kw name="Set Variable" owner="BuiltIn">
<msg time="2025-11-07T11:56:30.609236" level="INFO">${expected_status} = In Progress</msg>
<var>${expected_status}</var>
<arg>In Progress</arg>
<doc>Returns the given values which can then be assigned to a variables.</doc>
<status status="PASS" start="2025-11-07T11:56:30.609236" elapsed="0.000000"/>
</kw>
<kw name="Apply Jira Transition And Verify" owner="JiraAPIKeywords">
<kw name="Create Jira Headers" owner="JiraAPIKeywords">
<kw name="Create Dictionary" owner="BuiltIn">
<msg time="2025-11-07T11:56:30.609236" level="INFO">${headers} = {'Content-Type': 'application/json', 'Accept': 'application/json'}</msg>
<var>${headers}</var>
<arg>Content-Type=${content_type}</arg>
<arg>Accept=application/json</arg>
<doc>Creates and returns a dictionary based on the given ``items``.</doc>
<status status="PASS" start="2025-11-07T11:56:30.609236" elapsed="0.000000"/>
</kw>
<return>
<value>${headers}</value>
<status status="PASS" start="2025-11-07T11:56:30.609236" elapsed="0.000000"/>
</return>
<msg time="2025-11-07T11:56:30.609236" level="INFO">${headers} = {'Content-Type': 'application/json', 'Accept': 'application/json'}</msg>
<var>${headers}</var>
<status status="PASS" start="2025-11-07T11:56:30.609236" elapsed="0.000000"/>
</kw>
<kw name="Evaluate" owner="BuiltIn">
<msg time="2025-11-07T11:56:30.617182" level="INFO">${payload} = {'transition': {'id': 21}}</msg>
<var>${payload}</var>
<arg>{"transition": {"id": ${transition_id}}}</arg>
<arg>modules=json</arg>
<doc>Evaluates the given expression in Python and returns the result.</doc>
<status status="PASS" start="2025-11-07T11:56:30.609236" elapsed="0.007946"/>
</kw>
<kw name="Set Variable" owner="BuiltIn">
<msg time="2025-11-07T11:56:30.617182" level="INFO">${transition_request} = transition_DEMO-351</msg>
<var>${transition_request}</var>
<arg>transition_${issue_key}</arg>
<doc>Returns the given values which can then be assigned to a variables.</doc>
<status status="PASS" start="2025-11-07T11:56:30.617182" elapsed="0.000000"/>
</kw>
<kw name="Make HTTP Request" owner="RESTLibrary">
<msg time="2025-11-07T11:56:30.618193" level="INFO">${requestInfo} = &lt;RESTLibrary.request_info.request_info object at 0x000002642182A720&gt;</msg>
<kw name="Generate HTTP Request" owner="RESTLibrary">
<kw name="Generate Url" owner="RESTLibrary">
<kw name="Log" owner="BuiltIn">
<msg time="2025-11-07T11:56:30.618829" level="INFO">https://automationbot999.atlassian.net/rest/api/2/issue/DEMO-351/transitions</msg>
<arg>${_requestInfo.url}</arg>
<doc>Logs the given message with the given level.</doc>
<status status="PASS" start="2025-11-07T11:56:30.618829" elapsed="0.000000"/>
</kw>
<arg>${_requestInfo}</arg>
<status status="PASS" start="2025-11-07T11:56:30.618193" elapsed="0.000636"/>
</kw>
<kw name="Process Authentication" owner="RESTLibrary">
<msg time="2025-11-07T11:56:30.618829" level="INFO">Basic YXV0b21hdGlvbmJvdDk5OUBnbWFpbC5jb206QVRBVFQzeEZmR0YwcWl5MU9HZzN5N2tya19fY3piaHhDTE9ISjZoVXpLbnRUeEE3aEQtVmY4bGVKLURIUmE5bnIxcEctOTVodVlwQ25SNllDMFRQU0pLaUFvc0l4RmJpUUxNWDd2N2VoQzJqQ0dMUWZSZXJvdGJPYkJLbFRsN0tZa0pvZHU0U0tnSlhuNzNtRnVueUlTWm5yMXpYOHVjMjZnX2I3dmpYMEdhWkxCNmUzcGVPZE1RPTI4RTkxOUUy</msg>
<arg>${_requestInfo}</arg>
<status status="PASS" start="2025-11-07T11:56:30.618829" elapsed="0.000000"/>
</kw>
<kw name="Generate Request Headers" owner="RESTLibrary">
<kw name="Log" owner="BuiltIn">
<msg time="2025-11-07T11:56:30.619929" level="INFO">{'Content-Type': 'application/json', 'Accept': 'application/json', 'Authorization': 'Basic YXV0b21hdGlvbmJvdDk5OUBnbWFpbC5jb206QVRBVFQzeEZmR0YwcWl5MU9HZzN5N2tya19fY3piaHhDTE9ISjZoVXpLbnRUeEE3aEQtVmY4bGVKLURIUmE5bnIxcEctOTVodVlwQ25SNllDMFRQU0pLaUFvc0l4RmJpUUxNWDd2N2VoQzJqQ0dMUWZSZXJvdGJPYkJLbFRsN0tZa0pvZHU0U0tnSlhuNzNtRnVueUlTWm5yMXpYOHVjMjZnX2I3dmpYMEdhWkxCNmUzcGVPZE1RPTI4RTkxOUUy'}</msg>
<arg>${_requestInfo.requestHeaders}</arg>
<doc>Logs the given message with the given level.</doc>
<status status="PASS" start="2025-11-07T11:56:30.619929" elapsed="0.000000"/>
</kw>
<arg>${_requestInfo}</arg>
<status status="PASS" start="2025-11-07T11:56:30.618829" elapsed="0.001100"/>
</kw>
<kw name="Generate Request Body" owner="RESTLibrary">
<kw name="Log" owner="BuiltIn">
<msg time="2025-11-07T11:56:30.620706" level="INFO">{"transition": {"id": 21}}</msg>
<arg>${_requestInfo.requestBody}</arg>
<doc>Logs the given message with the given level.</doc>
<status status="PASS" start="2025-11-07T11:56:30.619929" elapsed="0.000777"/>
</kw>
<arg>${_requestInfo}</arg>
<status status="PASS" start="2025-11-07T11:56:30.619929" elapsed="0.000777"/>
</kw>
<arg>${requestInfo}</arg>
<status status="PASS" start="2025-11-07T11:56:30.618193" elapsed="0.002513"/>
</kw>
<msg time="2025-11-07T11:56:30.620706" level="INFO">${requestInfo} = &lt;RESTLibrary.request_info.request_info object at 0x000002642182A720&gt;</msg>
<kw name="Process Http Request" owner="RESTLibrary">
<kw name="Log" owner="BuiltIn">
<msg time="2025-11-07T11:56:31.612532" level="INFO">{
    "Content-Type": "text/html;charset=UTF-8",
    "Connection": "keep-alive",
    "Date": "Fri, 07 Nov 2025 06:26:30 GMT",
    "Server": "AtlassianEdge",
    "Timing-Allow-Origin": "*",
    "X-Arequestid": "f1e9bf530e193865f0604b86360b2051",
    "Set-Cookie": "atlassian.xsrf.token=93cf3c0afeff499c70f78ea615a7ae508676854e_lin; Path=/; SameSite=None; Secure",
    "X-Aaccountid": "712020%3Aff5b844e-f255-4bab-964d-19098454b36c",
    "Cache-Control": "no-cache, no-store, no-transform",
    "X-Beta-Ratelimit-Limit": "200",
    "X-Beta-Ratelimit-Remaining": "199",
    "Vary": "Accept-Encoding",
    "X-Content-Type-Options": "nosniff",
    "X-Xss-Protection": "1; mode=block",
    "Atl-Traceid": "1d29b96c6591418b8cf6c9d56e18a11f",
    "Atl-Request-Id": "1d29b96c-6591-418b-8cf6-c9d56e18a11f",
    "Strict-Transport-Security": "max-age=63072000; includeSubDomains; preload",
    "Report-To": "{\"endpoints\": [{\"url\": \"https://dz8aopenkvv6s.cloudfront.net\"}], \"group\": \"endpoint-1\", \"include_subdomains\": true, \"max_age\": 600}",
    "Nel": "{\"failure_fraction\": 0.001, \"include_subdomains\": true, \"max_age\": 600, \"report_to\": \"endpoint-1\"}",
    "X-Cache": "Miss from cloudfront",
    "Via": "1.1 400dcebf0e4607c0f796bcce908165b0.cloudfront.net (CloudFront)",
    "X-Amz-Cf-Pop": "BOM78-P7",
    "X-Amz-Cf-Id": "eYVDUeplxb6uIGMv1OhEqs4bLMmhYVkEdwS6DyD01afLsKeg4_7FPA==",
    "Server-Timing": "cdn-upstream-layer;desc=\"EDGE\",cdn-upstream-dns;dur=0,cdn-upstream-connect;dur=1,cdn-upstream-fbl;dur=478,atl-edge;dur=472,atl-edge-internal;dur=15,atl-edge-upstream;dur=457,atl-edge-pop;desc=\"aws-ap-south-1\",cdn-cache-miss,cdn-pop;desc=\"BOM78-P7\",cdn-rid;desc=\"eYVDUeplxb6uIGMv1OhEqs4bLMmhYVkEdwS6DyD01afLsKeg4_7FPA==\",cdn-downstream-fbl;dur=482"
}</msg>
<arg>${_requestInfo.responseHeaders}</arg>
<doc>Logs the given message with the given level.</doc>
<status status="PASS" start="2025-11-07T11:56:31.612023" elapsed="0.000509"/>
</kw>
<kw name="Log" owner="BuiltIn">
<msg time="2025-11-07T11:56:31.613092" level="INFO">204</msg>
<arg>${_requestInfo.responseStatusCode}</arg>
<doc>Logs the given message with the given level.</doc>
<status status="PASS" start="2025-11-07T11:56:31.613092" elapsed="0.000000"/>
</kw>
<arg>${requestInfo}</arg>
<status status="PASS" start="2025-11-07T11:56:30.620706" elapsed="0.992386"/>
</kw>
<msg time="2025-11-07T11:56:31.613092" level="INFO">${requestInfo} = &lt;RESTLibrary.request_info.request_info object at 0x000002642182A720&gt;</msg>
<kw name="Verify Response Against Baselines" owner="RESTLibrary">
<kw name="Verify Status Code" owner="RESTLibrary">
<kw name="Should Be Equal As Strings" owner="BuiltIn">
<arg>204</arg>
<arg>204</arg>
<doc>Fails if objects are unequal after converting them to strings.</doc>
<status status="PASS" start="2025-11-07T11:56:31.613618" elapsed="0.000000"/>
</kw>
<arg>&lt;RESTLibrary.request_info.request_info object at 0x000002642182A720&gt;</arg>
<status status="PASS" start="2025-11-07T11:56:31.613618" elapsed="0.000000"/>
</kw>
<arg>${requestInfo}</arg>
<status status="PASS" start="2025-11-07T11:56:31.613618" elapsed="0.000000"/>
</kw>
<arg>${transition_request}</arg>
<arg>${BASE_URL}/rest/api/2/issue/${issue_key}/transitions</arg>
<arg>method=POST</arg>
<arg>requestHeaders=${headers}</arg>
<arg>requestBody=${payload}</arg>
<arg>expectedStatusCode=204</arg>
<arg>authType=Basic</arg>
<arg>username=${email}</arg>
<arg>password=${token}</arg>
<doc> requestid : an alphanumeric value which helps identify an HTTP request uniquely
 url : entire URI which needs to be invoked, including query parameters.
 method : HTTP method/verb to be used for the REST call, default is GET, other supported values are HEAD, POST, PUT, PATCH and DELETE
 requestHeaders : a dictionary of all the headers which need to be passed with HTTP request, default is empty dictionary which means no headers.
 requestBody : payload/data to be posted along with the request, it can be either a file-path or content itself
 timeout : request timeout in seconds
 authType : Type of authentication to be used, default is NoAuth, means no authentication (default can be changed while importing the library with authType=&lt;myDefaultAuthType\&gt; parameter), other supported value is Basic.
 You can also choose not to use authType variable and provide auth token on your own while making the request in request headers or url based on your API.
 username : username to be used for authentication while making the request, you can also declare a global/suite/test variable ${username} beforehand rather than passing it with each request. username passed with request will override the global variable.
 password : password to be used for authentication while making the request, you can also declare a global/suite/test variable ${password} beforehand rather than passing it with each request. password passed with request will override the global variable.
# Response Channelization
sponse Channelization (RC) is special and unique feature of RESTLibrary, which lets you extract and channelize the data from response of one API call to next API call with least efforts and in scalable manner.
 It can channelize data from response body and response headers both.
 In case of response body channelization you can either channelize selective data or entire body itself based on your need.
 While channelizing entire body you also have an option to update it if needed.</doc>
<status status="PASS" start="2025-11-07T11:56:30.617182" elapsed="0.996436"/>
</kw>
<kw name="Log" owner="BuiltIn">
<msg time="2025-11-07T11:56:31.614368" level="INFO">Applied transition 'In Progress using API' to issue DEMO-351</msg>
<arg>Applied transition '${transition_name} using API' to issue ${issue_key}</arg>
<arg>console=True</arg>
<doc>Logs the given message with the given level.</doc>
<status status="PASS" start="2025-11-07T11:56:31.613618" elapsed="0.000750"/>
</kw>
<kw name="Set Variable" owner="BuiltIn">
<msg time="2025-11-07T11:56:31.614368" level="INFO">${verify_request} = status_after_DEMO-351</msg>
<var>${verify_request}</var>
<arg>status_after_${issue_key}</arg>
<doc>Returns the given values which can then be assigned to a variables.</doc>
<status status="PASS" start="2025-11-07T11:56:31.614368" elapsed="0.000000"/>
</kw>
<kw name="Make HTTP Request" owner="RESTLibrary">
<msg time="2025-11-07T11:56:31.614926" level="INFO">${requestInfo} = &lt;RESTLibrary.request_info.request_info object at 0x0000026421828410&gt;</msg>
<kw name="Generate HTTP Request" owner="RESTLibrary">
<kw name="Generate Url" owner="RESTLibrary">
<kw name="Log" owner="BuiltIn">
<msg time="2025-11-07T11:56:31.615493" level="INFO">https://automationbot999.atlassian.net/rest/api/2/issue/DEMO-351</msg>
<arg>${_requestInfo.url}</arg>
<doc>Logs the given message with the given level.</doc>
<status status="PASS" start="2025-11-07T11:56:31.615493" elapsed="0.000000"/>
</kw>
<arg>${_requestInfo}</arg>
<status status="PASS" start="2025-11-07T11:56:31.615493" elapsed="0.000000"/>
</kw>
<kw name="Process Authentication" owner="RESTLibrary">
<msg time="2025-11-07T11:56:31.616040" level="INFO">Basic YXV0b21hdGlvbmJvdDk5OUBnbWFpbC5jb206QVRBVFQzeEZmR0YwcWl5MU9HZzN5N2tya19fY3piaHhDTE9ISjZoVXpLbnRUeEE3aEQtVmY4bGVKLURIUmE5bnIxcEctOTVodVlwQ25SNllDMFRQU0pLaUFvc0l4RmJpUUxNWDd2N2VoQzJqQ0dMUWZSZXJvdGJPYkJLbFRsN0tZa0pvZHU0U0tnSlhuNzNtRnVueUlTWm5yMXpYOHVjMjZnX2I3dmpYMEdhWkxCNmUzcGVPZE1RPTI4RTkxOUUy</msg>
<arg>${_requestInfo}</arg>
<status status="PASS" start="2025-11-07T11:56:31.616040" elapsed="0.000000"/>
</kw>
<kw name="Generate Request Headers" owner="RESTLibrary">
<kw name="Log" owner="BuiltIn">
<msg time="2025-11-07T11:56:31.616040" level="INFO">{'Content-Type': 'application/json', 'Accept': 'application/json', 'Authorization': 'Basic YXV0b21hdGlvbmJvdDk5OUBnbWFpbC5jb206QVRBVFQzeEZmR0YwcWl5MU9HZzN5N2tya19fY3piaHhDTE9ISjZoVXpLbnRUeEE3aEQtVmY4bGVKLURIUmE5bnIxcEctOTVodVlwQ25SNllDMFRQU0pLaUFvc0l4RmJpUUxNWDd2N2VoQzJqQ0dMUWZSZXJvdGJPYkJLbFRsN0tZa0pvZHU0U0tnSlhuNzNtRnVueUlTWm5yMXpYOHVjMjZnX2I3dmpYMEdhWkxCNmUzcGVPZE1RPTI4RTkxOUUy'}</msg>
<arg>${_requestInfo.requestHeaders}</arg>
<doc>Logs the given message with the given level.</doc>
<status status="PASS" start="2025-11-07T11:56:31.616040" elapsed="0.000000"/>
</kw>
<arg>${_requestInfo}</arg>
<status status="PASS" start="2025-11-07T11:56:31.616040" elapsed="0.000544"/>
</kw>
<arg>${requestInfo}</arg>
<status status="PASS" start="2025-11-07T11:56:31.614926" elapsed="0.001658"/>
</kw>
<msg time="2025-11-07T11:56:31.616584" level="INFO">${requestInfo} = &lt;RESTLibrary.request_info.request_info object at 0x0000026421828410&gt;</msg>
<kw name="Process Http Request" owner="RESTLibrary">
<kw name="Log" owner="BuiltIn">
<msg time="2025-11-07T11:56:32.382700" level="INFO">{
    "expand": "renderedFields,names,schema,operations,editmeta,changelog,versionedRepresentations",
    "id": "10882",
    "self": "https://automationbot999.atlassian.net/rest/api/2/issue/10882",
    "key": "DEMO-351",
    "fields": {
        "statuscategorychangedate": "2025-11-07T11:56:29.904+0530",
        "issuetype": {
            "self": "https://automationbot999.atlassian.net/rest/api/2/issuetype/10003",
            "id": "10003",
            "description": "Tasks track small, distinct pieces of work.",
            "iconUrl": "https://automationbot999.atlassian.net/rest/api/2/universal_avatar/view/type/issuetype/avatar/10318?size=medium",
            "name": "Task",
            "subtask": false,
            "avatarId": 10318,
            "entityId": "0d501f4f-d0ef-44c7-b1f3-0fe304b60f7d",
            "hierarchyLevel": 0
        },
        "components": [],
        "timespent": null,
        "timeoriginalestimate": null,
        "project": {
            "self": "https://automationbot999.atlassian.net/rest/api/2/project/10000",
            "id": "10000",
            "key": "DEMO",
            "name": "JiraAutomationDemo",
            "projectTypeKey": "software",
            "simplified": true,
            "avatarUrls": {
                "48x48": "https://automationbot999.atlassian.net/rest/api/2/universal_avatar/view/type/project/avatar/10414",
                "24x24": "https://automationbot999.atlassian.net/rest/api/2/universal_avatar/view/type/project/avatar/10414?size=small",
                "16x16": "https://automationbot999.atlassian.net/rest/api/2/universal_avatar/view/type/project/avatar/10414?size=xsmall",
                "32x32": "https://automationbot999.atlassian.net/rest/api/2/universal_avatar/view/type/project/avatar/10414?size=medium"
            }
        },
        "description": "Created via Robot Framework",
        "fixVersions": [],
        "aggregatetimespent": null,
        "statusCategory": {
            "self": "https://automationbot999.atlassian.net/rest/api/2/statuscategory/4",
            "id": 4,
            "key": "indeterminate",
            "colorName": "yellow",
            "name": "In Progress"
        },
        "resolution": null,
        "customfield_10036": null,
        "timetracking": {},
        "customfield_10015": null,
        "security": null,
        "attachment": [],
        "aggregatetimeestimate": null,
        "resolutiondate": null,
        "workratio": -1,
        "summary": "Automated Test Issue",
        "issuerestriction": {
            "issuerestrictions": {},
            "shouldDisplay": true
        },
        "watches": {
            "self": "https://automationbot999.atlassian.net/rest/api/2/issue/DEMO-351/watchers",
            "watchCount": 1,
            "isWatching": true
        },
        "lastViewed": null,
        "creator": {
            "self": "https://automationbot999.atlassian.net/rest/api/2/user?accountId=712020%3Aff5b844e-f255-4bab-964d-19098454b36c",
            "accountId": "712020:ff5b844e-f255-4bab-964d-19098454b36c",
            "emailAddress": "automationbot999@gmail.com",
            "avatarUrls": {
                "48x48": "https://secure.gravatar.com/avatar/6eadab7554bbc434a2fbf4a4d1a3e344?d=https%3A%2F%2Favatar-management--avatars.us-west-2.prod.public.atl-paas.net%2Finitials%2FJ-4.png",
                "24x24": "https://secure.gravatar.com/avatar/6eadab7554bbc434a2fbf4a4d1a3e344?d=https%3A%2F%2Favatar-management--avatars.us-west-2.prod.public.atl-paas.net%2Finitials%2FJ-4.png",
                "16x16": "https://secure.gravatar.com/avatar/6eadab7554bbc434a2fbf4a4d1a3e344?d=https%3A%2F%2Favatar-management--avatars.us-west-2.prod.public.atl-paas.net%2Finitials%2FJ-4.png",
                "32x32": "https://secure.gravatar.com/avatar/6eadab7554bbc434a2fbf4a4d1a3e344?d=https%3A%2F%2Favatar-management--avatars.us-west-2.prod.public.atl-paas.net%2Finitials%2FJ-4.png"
            },
            "displayName": "JiraDemoUser",
            "active": true,
            "timeZone": "Asia/Calcutta",
            "accountType": "atlassian"
        },
        "subtasks": [],
        "created": "2025-11-07T11:56:27.845+0530",
        "customfield_10021": null,
        "reporter": {
            "self": "https://automationbot999.atlassian.net/rest/api/2/user?accountId=712020%3Aff5b844e-f255-4bab-964d-19098454b36c",
            "accountId": "712020:ff5b844e-f255-4bab-964d-19098454b36c",
            "emailAddress": "automationbot999@gmail.com",
            "avatarUrls": {
                "48x48": "https://secure.gravatar.com/avatar/6eadab7554bbc434a2fbf4a4d1a3e344?d=https%3A%2F%2Favatar-management--avatars.us-west-2.prod.public.atl-paas.net%2Finitials%2FJ-4.png",
                "24x24": "https://secure.gravatar.com/avatar/6eadab7554bbc434a2fbf4a4d1a3e344?d=https%3A%2F%2Favatar-management--avatars.us-west-2.prod.public.atl-paas.net%2Finitials%2FJ-4.png",
                "16x16": "https://secure.gravatar.com/avatar/6eadab7554bbc434a2fbf4a4d1a3e344?d=https%3A%2F%2Favatar-management--avatars.us-west-2.prod.public.atl-paas.net%2Finitials%2FJ-4.png",
                "32x32": "https://secure.gravatar.com/avatar/6eadab7554bbc434a2fbf4a4d1a3e344?d=https%3A%2F%2Favatar-management--avatars.us-west-2.prod.public.atl-paas.net%2Finitials%2FJ-4.png"
            },
            "displayName": "JiraDemoUser",
            "active": true,
            "timeZone": "Asia/Calcutta",
            "accountType": "atlassian"
        },
        "aggregateprogress": {
            "progress": 0,
            "total": 0
        },
        "priority": {
            "self": "https://automationbot999.atlassian.net/rest/api/2/priority/3",
            "iconUrl": "https://automationbot999.atlassian.net/images/icons/priorities/medium_new.svg",
            "name": "Medium",
            "id": "3"
        },
        "customfield_10001": null,
        "labels": [],
        "environment": null,
        "customfield_10019": "0|i0000n:",
        "timeestimate": null,
        "aggregatetimeoriginalestimate": null,
        "versions": [],
        "duedate": null,
        "progress": {
            "progress": 0,
            "total": 0
        },
        "issuelinks": [],
        "votes": {
            "self": "https://automationbot999.atlassian.net/rest/api/2/issue/DEMO-351/votes",
            "votes": 0,
            "hasVoted": false
        },
        "comment": {
            "comments": [],
            "self": "https://automationbot999.atlassian.net/rest/api/2/issue/10882/comment",
            "maxResults": 0,
            "total": 0,
            "startAt": 0
        },
        "assignee": null,
        "worklog": {
            "startAt": 0,
            "maxResults": 20,
            "total": 0,
            "worklogs": []
        },
        "updated": "2025-11-07T11:56:29.904+0530",
        "status": {
            "self": "https://automationbot999.atlassian.net/rest/api/2/status/10001",
            "description": "This work item is being actively worked on at the moment by the assignee.",
            "iconUrl": "https://automationbot999.atlassian.net/images/icons/statuses/generic.png",
            "name": "In Progress",
            "id": "10001",
            "statusCategory": {
                "self": "https://automationbot999.atlassian.net/rest/api/2/statuscategory/4",
                "id": 4,
                "key": "indeterminate",
                "colorName": "yellow",
                "name": "In Progress"
            }
        }
    }
}</msg>
<arg>${_requestInfo.responseBody}</arg>
<doc>Logs the given message with the given level.</doc>
<status status="PASS" start="2025-11-07T11:56:32.382160" elapsed="0.000540"/>
</kw>
<kw name="Log" owner="BuiltIn">
<msg time="2025-11-07T11:56:32.383212" level="INFO">{
    "Content-Type": "application/json;charset=UTF-8",
    "Transfer-Encoding": "chunked",
    "Connection": "keep-alive",
    "Date": "Fri, 07 Nov 2025 06:26:30 GMT",
    "Server": "AtlassianEdge",
    "Timing-Allow-Origin": "*",
    "X-Arequestid": "e062f18bcf72ce35d4c845deacf6e4ad",
    "Set-Cookie": "atlassian.xsrf.token=cc275ad320c7b672a69e768648b868c3c16f3532_lin; Path=/; SameSite=None; Secure",
    "X-Aaccountid": "712020%3Aff5b844e-f255-4bab-964d-19098454b36c",
    "Cache-Control": "no-cache, no-store, no-transform",
    "X-Beta-Ratelimit-Limit": "400",
    "X-Beta-Ratelimit-Remaining": "399",
    "Vary": "Accept-Encoding",
    "Content-Encoding": "gzip",
    "X-Content-Type-Options": "nosniff",
    "X-Xss-Protection": "1; mode=block",
    "Atl-Traceid": "e844eb94c765411ca7a8354460719207",
    "Atl-Request-Id": "e844eb94-c765-411c-a7a8-354460719207",
    "Strict-Transport-Security": "max-age=63072000; includeSubDomains; preload",
    "Report-To": "{\"endpoints\": [{\"url\": \"https://dz8aopenkvv6s.cloudfront.net\"}], \"group\": \"endpoint-1\", \"include_subdomains\": true, \"max_age\": 600}",
    "Nel": "{\"failure_fraction\": 0.001, \"include_subdomains\": true, \"max_age\": 600, \"report_to\": \"endpoint-1\"}",
    "X-Cache": "Miss from cloudfront",
    "Via": "1.1 e1e527d29f3837ff718d53673353d0a4.cloudfront.net (CloudFront)",
    "X-Amz-Cf-Pop": "BOM54-P1",
    "X-Amz-Cf-Id": "PG_mDKKbL3OdPxNHCix8RYFf2E-rqXG7pJW1WS7dxdH06MTYFKaq1w==",
    "Server-Timing": "cdn-upstream-layer;desc=\"EDGE\",cdn-upstream-dns;dur=0,cdn-upstream-connect;dur=1,cdn-upstream-fbl;dur=257,atl-edge;dur=250,atl-edge-internal;dur=15,atl-edge-upstream;dur=235,atl-edge-pop;desc=\"aws-ap-south-1\",cdn-cache-miss,cdn-pop;desc=\"BOM54-P1\",cdn-rid;desc=\"PG_mDKKbL3OdPxNHCix8RYFf2E-rqXG7pJW1WS7dxdH06MTYFKaq1w==\",cdn-downstream-fbl;dur=262"
}</msg>
<arg>${_requestInfo.responseHeaders}</arg>
<doc>Logs the given message with the given level.</doc>
<status status="PASS" start="2025-11-07T11:56:32.383212" elapsed="0.000000"/>
</kw>
<kw name="Log" owner="BuiltIn">
<msg time="2025-11-07T11:56:32.383742" level="INFO">200</msg>
<arg>${_requestInfo.responseStatusCode}</arg>
<doc>Logs the given message with the given level.</doc>
<status status="PASS" start="2025-11-07T11:56:32.383212" elapsed="0.000530"/>
</kw>
<arg>${requestInfo}</arg>
<status status="PASS" start="2025-11-07T11:56:31.616584" elapsed="0.767158"/>
</kw>
<msg time="2025-11-07T11:56:32.383742" level="INFO">${requestInfo} = &lt;RESTLibrary.request_info.request_info object at 0x0000026421828410&gt;</msg>
<kw name="Verify Response Against Baselines" owner="RESTLibrary">
<kw name="Verify Status Code" owner="RESTLibrary">
<kw name="Should Be Equal As Strings" owner="BuiltIn">
<arg>200</arg>
<arg>200</arg>
<doc>Fails if objects are unequal after converting them to strings.</doc>
<status status="PASS" start="2025-11-07T11:56:32.384281" elapsed="0.000000"/>
</kw>
<arg>&lt;RESTLibrary.request_info.request_info object at 0x0000026421828410&gt;</arg>
<status status="PASS" start="2025-11-07T11:56:32.384281" elapsed="0.000000"/>
</kw>
<arg>${requestInfo}</arg>
<status status="PASS" start="2025-11-07T11:56:32.383742" elapsed="0.000539"/>
</kw>
<arg>${verify_request}</arg>
<arg>${BASE_URL}/rest/api/2/issue/${issue_key}</arg>
<arg>method=GET</arg>
<arg>requestHeaders=${headers}</arg>
<arg>expectedStatusCode=200</arg>
<arg>authType=Basic</arg>
<arg>username=${email}</arg>
<arg>password=${token}</arg>
<doc> requestid : an alphanumeric value which helps identify an HTTP request uniquely
 url : entire URI which needs to be invoked, including query parameters.
 method : HTTP method/verb to be used for the REST call, default is GET, other supported values are HEAD, POST, PUT, PATCH and DELETE
 requestHeaders : a dictionary of all the headers which need to be passed with HTTP request, default is empty dictionary which means no headers.
 requestBody : payload/data to be posted along with the request, it can be either a file-path or content itself
 timeout : request timeout in seconds
 authType : Type of authentication to be used, default is NoAuth, means no authentication (default can be changed while importing the library with authType=&lt;myDefaultAuthType\&gt; parameter), other supported value is Basic.
 You can also choose not to use authType variable and provide auth token on your own while making the request in request headers or url based on your API.
 username : username to be used for authentication while making the request, you can also declare a global/suite/test variable ${username} beforehand rather than passing it with each request. username passed with request will override the global variable.
 password : password to be used for authentication while making the request, you can also declare a global/suite/test variable ${password} beforehand rather than passing it with each request. password passed with request will override the global variable.
# Response Channelization
sponse Channelization (RC) is special and unique feature of RESTLibrary, which lets you extract and channelize the data from response of one API call to next API call with least efforts and in scalable manner.
 It can channelize data from response body and response headers both.
 In case of response body channelization you can either channelize selective data or entire body itself based on your need.
 While channelizing entire body you also have an option to update it if needed.</doc>
<status status="PASS" start="2025-11-07T11:56:31.614368" elapsed="0.769913"/>
</kw>
<kw name="Extract From Response" owner="JiraAPIKeywords">
<kw name="Execute RC" owner="RESTLibrary">
<msg time="2025-11-07T11:56:32.395882" level="INFO">data_manager.RC('''status_after_DEMO-351''','''body''','''$.fields.status.name''')
In Progress</msg>
<msg time="2025-11-07T11:56:32.396419" level="INFO">${value} = In Progress</msg>
<var>${value}</var>
<arg>&lt;&lt;&lt;rc, ${request_id}, body, ${json_path}&gt;&gt;&gt;</arg>
<doc>input : lets you evaluate all the RC macros, including multiple RCs and NOW immediately and run the response channelization, you can store the value in any variable and use it as required
                            &lt;&lt;&lt;NOW&gt;&gt;&gt;___SomeText__&lt;&lt;&lt;RC, src request id, body, json path&gt;&gt;&gt;
                            &lt;&lt;&lt;NOW&gt;&gt;&gt;
                            &lt;&lt;&lt;RC, src request id, body, json path&gt;&gt;&gt;
                            &lt;&lt;&lt;RC, src request id, header, header name&gt;&gt;&gt;
                          we can also have an Entire Response Channelization where entire response of the src request will be channelized after merging with the patch json, patch can be a file path or json conrent
                          using this we can add, delete and update the nodes from src json response. (deletion can be achieved using &lt;&lt;&lt;delete&gt;&gt;&gt; value)
                            &lt;&lt;&lt;RC, src request id, body, patch json&gt;&gt;&gt;
Returns:
    returns the value after running the response channelization, it could be a single node value or entire json, depending on whether it is normal RC or entire</doc>
<status status="PASS" start="2025-11-07T11:56:32.384816" elapsed="0.011603"/>
</kw>
<return>
<value>${value}</value>
<status status="PASS" start="2025-11-07T11:56:32.396419" elapsed="0.000000"/>
</return>
<msg time="2025-11-07T11:56:32.396419" level="INFO">${actual_status} = In Progress</msg>
<var>${actual_status}</var>
<arg>${verify_request}</arg>
<arg>$.fields.status.name</arg>
<status status="PASS" start="2025-11-07T11:56:32.384281" elapsed="0.012138"/>
</kw>
<kw name="Log" owner="BuiltIn">
<msg time="2025-11-07T11:56:32.396419" level="INFO">Verified issue DEMO-351 is in status: In Progress using API</msg>
<arg>Verified issue ${issue_key} is in status: ${actual_status} using API</arg>
<arg>console=True</arg>
<doc>Logs the given message with the given level.</doc>
<status status="PASS" start="2025-11-07T11:56:32.396419" elapsed="0.000000"/>
</kw>
<kw name="Should Be Equal" owner="BuiltIn">
<arg>${actual_status}</arg>
<arg>${expected_status}</arg>
<doc>Fails if the given objects are unequal.</doc>
<status status="PASS" start="2025-11-07T11:56:32.397434" elapsed="0.000000"/>
</kw>
<arg>${issue_key}</arg>
<arg>${email}</arg>
<arg>${token}</arg>
<arg>${transition_id}</arg>
<arg>In Progress</arg>
<arg>${expected_status}</arg>
<status status="PASS" start="2025-11-07T11:56:30.609236" elapsed="1.788198"/>
</kw>
<msg time="2025-11-07T11:56:32.397434" level="INFO">${issue_status} = None</msg>
<var>${issue_status}</var>
<arg>${issue_key}</arg>
<arg>${EMAIL}</arg>
<arg>${API_TOKEN}</arg>
<status status="PASS" start="2025-11-07T11:56:29.756001" elapsed="2.641433"/>
</kw>
<kw name="Run Jira UI Flow" owner="JiraTaskandSubtaskIntegration">
<msg time="2025-11-07T11:57:23.982207" level="INFO">Navigating to Jira instance...
 Waiting for project link...
 Project opened.
 Validating issue panel for: DEMO-351
Issue DEMO-351 is visible with summary 'Automated Test Issue'
 Status on UI: In Progress
Creating subtask inline...
 Subtask with name :'Subtask for DEMO-351' created successfully.
Subtask created with ID: DEMO-352
 Jira UI flow completed successfully.</msg>
<arg>${ISSUE_KEY}</arg>
<doc>Runs an end-to-end Jira UI validation and update flow:</doc>
<status status="PASS" start="2025-11-07T11:56:32.397434" elapsed="51.586919"/>
</kw>
<kw name="Get Subtask Details" owner="JiraAPIKeywords">
<kw name="Set Variable" owner="BuiltIn">
<msg time="2025-11-07T11:57:23.986937" level="INFO">${request_id} = get_subtasks_DEMO-351</msg>
<var>${request_id}</var>
<arg>get_subtasks_${issue_key}</arg>
<doc>Returns the given values which can then be assigned to a variables.</doc>
<status status="PASS" start="2025-11-07T11:57:23.986937" elapsed="0.000000"/>
</kw>
<kw name="Create Jira Headers" owner="JiraAPIKeywords">
<kw name="Create Dictionary" owner="BuiltIn">
<msg time="2025-11-07T11:57:23.986937" level="INFO">${headers} = {'Content-Type': 'application/json', 'Accept': 'application/json'}</msg>
<var>${headers}</var>
<arg>Content-Type=${content_type}</arg>
<arg>Accept=application/json</arg>
<doc>Creates and returns a dictionary based on the given ``items``.</doc>
<status status="PASS" start="2025-11-07T11:57:23.986937" elapsed="0.000000"/>
</kw>
<return>
<value>${headers}</value>
<status status="PASS" start="2025-11-07T11:57:23.986937" elapsed="0.000000"/>
</return>
<msg time="2025-11-07T11:57:23.986937" level="INFO">${headers} = {'Content-Type': 'application/json', 'Accept': 'application/json'}</msg>
<var>${headers}</var>
<status status="PASS" start="2025-11-07T11:57:23.986937" elapsed="0.000000"/>
</kw>
<kw name="Make HTTP Request" owner="RESTLibrary">
<msg time="2025-11-07T11:57:23.988943" level="INFO">${requestInfo} = &lt;RESTLibrary.request_info.request_info object at 0x0000026422BC4E60&gt;</msg>
<kw name="Generate HTTP Request" owner="RESTLibrary">
<kw name="Generate Url" owner="RESTLibrary">
<kw name="Log" owner="BuiltIn">
<msg time="2025-11-07T11:57:23.988943" level="INFO">https://automationbot999.atlassian.net/rest/api/2/issue/DEMO-351</msg>
<arg>${_requestInfo.url}</arg>
<doc>Logs the given message with the given level.</doc>
<status status="PASS" start="2025-11-07T11:57:23.988943" elapsed="0.000000"/>
</kw>
<arg>${_requestInfo}</arg>
<status status="PASS" start="2025-11-07T11:57:23.988943" elapsed="0.000000"/>
</kw>
<kw name="Process Authentication" owner="RESTLibrary">
<msg time="2025-11-07T11:57:23.988943" level="INFO">Basic YXV0b21hdGlvbmJvdDk5OUBnbWFpbC5jb206QVRBVFQzeEZmR0YwcWl5MU9HZzN5N2tya19fY3piaHhDTE9ISjZoVXpLbnRUeEE3aEQtVmY4bGVKLURIUmE5bnIxcEctOTVodVlwQ25SNllDMFRQU0pLaUFvc0l4RmJpUUxNWDd2N2VoQzJqQ0dMUWZSZXJvdGJPYkJLbFRsN0tZa0pvZHU0U0tnSlhuNzNtRnVueUlTWm5yMXpYOHVjMjZnX2I3dmpYMEdhWkxCNmUzcGVPZE1RPTI4RTkxOUUy</msg>
<arg>${_requestInfo}</arg>
<status status="PASS" start="2025-11-07T11:57:23.988943" elapsed="0.003490"/>
</kw>
<kw name="Generate Request Headers" owner="RESTLibrary">
<kw name="Log" owner="BuiltIn">
<msg time="2025-11-07T11:57:23.992433" level="INFO">{'Content-Type': 'application/json', 'Accept': 'application/json', 'Authorization': 'Basic YXV0b21hdGlvbmJvdDk5OUBnbWFpbC5jb206QVRBVFQzeEZmR0YwcWl5MU9HZzN5N2tya19fY3piaHhDTE9ISjZoVXpLbnRUeEE3aEQtVmY4bGVKLURIUmE5bnIxcEctOTVodVlwQ25SNllDMFRQU0pLaUFvc0l4RmJpUUxNWDd2N2VoQzJqQ0dMUWZSZXJvdGJPYkJLbFRsN0tZa0pvZHU0U0tnSlhuNzNtRnVueUlTWm5yMXpYOHVjMjZnX2I3dmpYMEdhWkxCNmUzcGVPZE1RPTI4RTkxOUUy'}</msg>
<arg>${_requestInfo.requestHeaders}</arg>
<doc>Logs the given message with the given level.</doc>
<status status="PASS" start="2025-11-07T11:57:23.992433" elapsed="0.000000"/>
</kw>
<arg>${_requestInfo}</arg>
<status status="PASS" start="2025-11-07T11:57:23.992433" elapsed="0.000000"/>
</kw>
<arg>${requestInfo}</arg>
<status status="PASS" start="2025-11-07T11:57:23.988943" elapsed="0.003490"/>
</kw>
<msg time="2025-11-07T11:57:23.992433" level="INFO">${requestInfo} = &lt;RESTLibrary.request_info.request_info object at 0x0000026422BC4E60&gt;</msg>
<kw name="Process Http Request" owner="RESTLibrary">
<kw name="Log" owner="BuiltIn">
<msg time="2025-11-07T11:57:25.968451" level="INFO">{
    "expand": "renderedFields,names,schema,operations,editmeta,changelog,versionedRepresentations",
    "id": "10882",
    "self": "https://automationbot999.atlassian.net/rest/api/2/issue/10882",
    "key": "DEMO-351",
    "fields": {
        "statuscategorychangedate": "2025-11-07T11:56:29.904+0530",
        "issuetype": {
            "self": "https://automationbot999.atlassian.net/rest/api/2/issuetype/10003",
            "id": "10003",
            "description": "Tasks track small, distinct pieces of work.",
            "iconUrl": "https://automationbot999.atlassian.net/rest/api/2/universal_avatar/view/type/issuetype/avatar/10318?size=medium",
            "name": "Task",
            "subtask": false,
            "avatarId": 10318,
            "entityId": "0d501f4f-d0ef-44c7-b1f3-0fe304b60f7d",
            "hierarchyLevel": 0
        },
        "components": [],
        "timespent": null,
        "timeoriginalestimate": null,
        "project": {
            "self": "https://automationbot999.atlassian.net/rest/api/2/project/10000",
            "id": "10000",
            "key": "DEMO",
            "name": "JiraAutomationDemo",
            "projectTypeKey": "software",
            "simplified": true,
            "avatarUrls": {
                "48x48": "https://automationbot999.atlassian.net/rest/api/2/universal_avatar/view/type/project/avatar/10414",
                "24x24": "https://automationbot999.atlassian.net/rest/api/2/universal_avatar/view/type/project/avatar/10414?size=small",
                "16x16": "https://automationbot999.atlassian.net/rest/api/2/universal_avatar/view/type/project/avatar/10414?size=xsmall",
                "32x32": "https://automationbot999.atlassian.net/rest/api/2/universal_avatar/view/type/project/avatar/10414?size=medium"
            }
        },
        "description": "Created via Robot Framework",
        "fixVersions": [],
        "aggregatetimespent": null,
        "statusCategory": {
            "self": "https://automationbot999.atlassian.net/rest/api/2/statuscategory/4",
            "id": 4,
            "key": "indeterminate",
            "colorName": "yellow",
            "name": "In Progress"
        },
        "resolution": null,
        "customfield_10036": null,
        "timetracking": {},
        "customfield_10015": null,
        "security": null,
        "attachment": [],
        "aggregatetimeestimate": null,
        "resolutiondate": null,
        "workratio": -1,
        "summary": "Automated Test Issue",
        "issuerestriction": {
            "issuerestrictions": {},
            "shouldDisplay": true
        },
        "watches": {
            "self": "https://automationbot999.atlassian.net/rest/api/2/issue/DEMO-351/watchers",
            "watchCount": 1,
            "isWatching": true
        },
        "lastViewed": "2025-11-07T11:57:19.987+0530",
        "creator": {
            "self": "https://automationbot999.atlassian.net/rest/api/2/user?accountId=712020%3Aff5b844e-f255-4bab-964d-19098454b36c",
            "accountId": "712020:ff5b844e-f255-4bab-964d-19098454b36c",
            "emailAddress": "automationbot999@gmail.com",
            "avatarUrls": {
                "48x48": "https://secure.gravatar.com/avatar/6eadab7554bbc434a2fbf4a4d1a3e344?d=https%3A%2F%2Favatar-management--avatars.us-west-2.prod.public.atl-paas.net%2Finitials%2FJ-4.png",
                "24x24": "https://secure.gravatar.com/avatar/6eadab7554bbc434a2fbf4a4d1a3e344?d=https%3A%2F%2Favatar-management--avatars.us-west-2.prod.public.atl-paas.net%2Finitials%2FJ-4.png",
                "16x16": "https://secure.gravatar.com/avatar/6eadab7554bbc434a2fbf4a4d1a3e344?d=https%3A%2F%2Favatar-management--avatars.us-west-2.prod.public.atl-paas.net%2Finitials%2FJ-4.png",
                "32x32": "https://secure.gravatar.com/avatar/6eadab7554bbc434a2fbf4a4d1a3e344?d=https%3A%2F%2Favatar-management--avatars.us-west-2.prod.public.atl-paas.net%2Finitials%2FJ-4.png"
            },
            "displayName": "JiraDemoUser",
            "active": true,
            "timeZone": "Asia/Calcutta",
            "accountType": "atlassian"
        },
        "subtasks": [
            {
                "id": "10884",
                "key": "DEMO-352",
                "self": "https://automationbot999.atlassian.net/rest/api/2/issue/10884",
                "fields": {
                    "summary": "Subtask for DEMO-351",
                    "status": {
                        "self": "https://automationbot999.atlassian.net/rest/api/2/status/10000",
                        "description": "",
                        "iconUrl": "https://automationbot999.atlassian.net/images/icons/statuses/generic.png",
                        "name": "To Do",
                        "id": "10000",
                        "statusCategory": {
                            "self": "https://automationbot999.atlassian.net/rest/api/2/statuscategory/2",
                            "id": 2,
                            "key": "new",
                            "colorName": "blue-gray",
                            "name": "To Do"
                        }
                    },
                    "priority": {
                        "self": "https://automationbot999.atlassian.net/rest/api/2/priority/3",
                        "iconUrl": "https://automationbot999.atlassian.net/images/icons/priorities/medium_new.svg",
                        "name": "Medium",
                        "id": "3"
                    },
                    "issuetype": {
                        "self": "https://automationbot999.atlassian.net/rest/api/2/issuetype/10002",
                        "id": "10002",
                        "description": "Subtasks track small pieces of work that are part of a larger task.",
                        "iconUrl": "https://automationbot999.atlassian.net/rest/api/2/universal_avatar/view/type/issuetype/avatar/10316?size=medium",
                        "name": "Subtask",
                        "subtask": true,
                        "avatarId": 10316,
                        "entityId": "b9f890ba-fc3b-425c-9d66-6d6565af4531",
                        "hierarchyLevel": -1
                    }
                }
            }
        ],
        "created": "2025-11-07T11:56:27.845+0530",
        "customfield_10021": null,
        "reporter": {
            "self": "https://automationbot999.atlassian.net/rest/api/2/user?accountId=712020%3Aff5b844e-f255-4bab-964d-19098454b36c",
            "accountId": "712020:ff5b844e-f255-4bab-964d-19098454b36c",
            "emailAddress": "automationbot999@gmail.com",
            "avatarUrls": {
                "48x48": "https://secure.gravatar.com/avatar/6eadab7554bbc434a2fbf4a4d1a3e344?d=https%3A%2F%2Favatar-management--avatars.us-west-2.prod.public.atl-paas.net%2Finitials%2FJ-4.png",
                "24x24": "https://secure.gravatar.com/avatar/6eadab7554bbc434a2fbf4a4d1a3e344?d=https%3A%2F%2Favatar-management--avatars.us-west-2.prod.public.atl-paas.net%2Finitials%2FJ-4.png",
                "16x16": "https://secure.gravatar.com/avatar/6eadab7554bbc434a2fbf4a4d1a3e344?d=https%3A%2F%2Favatar-management--avatars.us-west-2.prod.public.atl-paas.net%2Finitials%2FJ-4.png",
                "32x32": "https://secure.gravatar.com/avatar/6eadab7554bbc434a2fbf4a4d1a3e344?d=https%3A%2F%2Favatar-management--avatars.us-west-2.prod.public.atl-paas.net%2Finitials%2FJ-4.png"
            },
            "displayName": "JiraDemoUser",
            "active": true,
            "timeZone": "Asia/Calcutta",
            "accountType": "atlassian"
        },
        "aggregateprogress": {
            "progress": 0,
            "total": 0
        },
        "priority": {
            "self": "https://automationbot999.atlassian.net/rest/api/2/priority/3",
            "iconUrl": "https://automationbot999.atlassian.net/images/icons/priorities/medium_new.svg",
            "name": "Medium",
            "id": "3"
        },
        "customfield_10001": null,
        "labels": [],
        "environment": null,
        "customfield_10019": "0|i0000n:",
        "timeestimate": null,
        "aggregatetimeoriginalestimate": null,
        "versions": [],
        "duedate": null,
        "progress": {
            "progress": 0,
            "total": 0
        },
        "issuelinks": [],
        "votes": {
            "self": "https://automationbot999.atlassian.net/rest/api/2/issue/DEMO-351/votes",
            "votes": 0,
            "hasVoted": false
        },
        "comment": {
            "comments": [],
            "self": "https://automationbot999.atlassian.net/rest/api/2/issue/10882/comment",
            "maxResults": 0,
            "total": 0,
            "startAt": 0
        },
        "assignee": null,
        "worklog": {
            "startAt": 0,
            "maxResults": 20,
            "total": 0,
            "worklogs": []
        },
        "updated": "2025-11-07T11:56:29.904+0530",
        "status": {
            "self": "https://automationbot999.atlassian.net/rest/api/2/status/10001",
            "description": "This work item is being actively worked on at the moment by the assignee.",
            "iconUrl": "https://automationbot999.atlassian.net/images/icons/statuses/generic.png",
            "name": "In Progress",
            "id": "10001",
            "statusCategory": {
                "self": "https://automationbot999.atlassian.net/rest/api/2/statuscategory/4",
                "id": 4,
                "key": "indeterminate",
                "colorName": "yellow",
                "name": "In Progress"
            }
        }
    }
}</msg>
<arg>${_requestInfo.responseBody}</arg>
<doc>Logs the given message with the given level.</doc>
<status status="PASS" start="2025-11-07T11:57:25.968451" elapsed="0.000000"/>
</kw>
<kw name="Log" owner="BuiltIn">
<msg time="2025-11-07T11:57:25.973246" level="INFO">{
    "Content-Type": "application/json;charset=UTF-8",
    "Transfer-Encoding": "chunked",
    "Connection": "keep-alive",
    "Date": "Fri, 07 Nov 2025 06:27:24 GMT",
    "Server": "AtlassianEdge",
    "Timing-Allow-Origin": "*",
    "X-Arequestid": "35a9c101a06ce550cbea45359ab37196",
    "Set-Cookie": "atlassian.xsrf.token=4b58d36cb6cd5283830c4c8306ee0aed431e9ee5_lin; Path=/; SameSite=None; Secure",
    "X-Aaccountid": "712020%3Aff5b844e-f255-4bab-964d-19098454b36c",
    "Cache-Control": "no-cache, no-store, no-transform",
    "X-Beta-Ratelimit-Limit": "400",
    "X-Beta-Ratelimit-Remaining": "399",
    "Vary": "Accept-Encoding",
    "Content-Encoding": "gzip",
    "X-Content-Type-Options": "nosniff",
    "X-Xss-Protection": "1; mode=block",
    "Atl-Traceid": "3c916fcf5de947b7b2754e7c0ca8e3c2",
    "Atl-Request-Id": "3c916fcf-5de9-47b7-b275-4e7c0ca8e3c2",
    "Strict-Transport-Security": "max-age=63072000; includeSubDomains; preload",
    "Report-To": "{\"endpoints\": [{\"url\": \"https://dz8aopenkvv6s.cloudfront.net\"}], \"group\": \"endpoint-1\", \"include_subdomains\": true, \"max_age\": 600}",
    "Nel": "{\"failure_fraction\": 0.001, \"include_subdomains\": true, \"max_age\": 600, \"report_to\": \"endpoint-1\"}",
    "X-Cache": "Miss from cloudfront",
    "Via": "1.1 11366193f62ea96d359ed6eca4fb2be6.cloudfront.net (CloudFront)",
    "X-Amz-Cf-Pop": "BOM54-P1",
    "X-Amz-Cf-Id": "3_yOeMuHsANiYWCalJI9xYW-1FgRwNQRqfHgOMlxTcSbaic6lhdBhQ==",
    "Server-Timing": "cdn-upstream-layer;desc=\"EDGE\",cdn-upstream-dns;dur=0,cdn-upstream-connect;dur=1,cdn-upstream-fbl;dur=331,atl-edge;dur=324,atl-edge-internal;dur=82,atl-edge-upstream;dur=242,atl-edge-pop;desc=\"aws-ap-south-1\",cdn-cache-miss,cdn-pop;desc=\"BOM54-P1\",cdn-rid;desc=\"3_yOeMuHsANiYWCalJI9xYW-1FgRwNQRqfHgOMlxTcSbaic6lhdBhQ==\",cdn-downstream-fbl;dur=335"
}</msg>
<arg>${_requestInfo.responseHeaders}</arg>
<doc>Logs the given message with the given level.</doc>
<status status="PASS" start="2025-11-07T11:57:25.968451" elapsed="0.004795"/>
</kw>
<kw name="Log" owner="BuiltIn">
<msg time="2025-11-07T11:57:25.973883" level="INFO">200</msg>
<arg>${_requestInfo.responseStatusCode}</arg>
<doc>Logs the given message with the given level.</doc>
<status status="PASS" start="2025-11-07T11:57:25.973246" elapsed="0.000637"/>
</kw>
<arg>${requestInfo}</arg>
<status status="PASS" start="2025-11-07T11:57:23.992433" elapsed="1.981450"/>
</kw>
<msg time="2025-11-07T11:57:25.973883" level="INFO">${requestInfo} = &lt;RESTLibrary.request_info.request_info object at 0x0000026422BC4E60&gt;</msg>
<kw name="Verify Response Against Baselines" owner="RESTLibrary">
<kw name="Verify Status Code" owner="RESTLibrary">
<kw name="Should Be Equal As Strings" owner="BuiltIn">
<arg>200</arg>
<arg>200</arg>
<doc>Fails if objects are unequal after converting them to strings.</doc>
<status status="PASS" start="2025-11-07T11:57:25.973883" elapsed="0.000000"/>
</kw>
<arg>&lt;RESTLibrary.request_info.request_info object at 0x0000026422BC4E60&gt;</arg>
<status status="PASS" start="2025-11-07T11:57:25.973883" elapsed="0.002015"/>
</kw>
<arg>${requestInfo}</arg>
<status status="PASS" start="2025-11-07T11:57:25.973883" elapsed="0.002015"/>
</kw>
<arg>${request_id}</arg>
<arg>${BASE_URL}/rest/api/2/issue/${issue_key}</arg>
<arg>method=GET</arg>
<arg>requestHeaders=${headers}</arg>
<arg>expectedStatusCode=200</arg>
<arg>authType=Basic</arg>
<arg>username=${email}</arg>
<arg>password=${token}</arg>
<doc> requestid : an alphanumeric value which helps identify an HTTP request uniquely
 url : entire URI which needs to be invoked, including query parameters.
 method : HTTP method/verb to be used for the REST call, default is GET, other supported values are HEAD, POST, PUT, PATCH and DELETE
[...]
 url : entire URI which needs to be invoked, including query parameters.
 method : HTTP method/verb to be used for the REST call, default is GET, other supported values are HEAD, POST, PUT, PATCH and DELETE
 requestHeaders : a dictionary of all the headers which need to be passed with HTTP request, default is empty dictionary which means no headers.
 requestBody : payload/data to be posted along with the request, it can be either a file-path or content itself
 timeout : request timeout in seconds
 authType : Type of authentication to be used, default is NoAuth, means no authentication (default can be changed while importing the library with authType=&lt;myDefaultAuthType\&gt; parameter), other supported value is Basic.
 You can also choose not to use authType variable and provide auth token on your own while making the request in request headers or url based on your API.
 username : username to be used for authentication while making the request, you can also declare a global/suite/test variable ${username} beforehand rather than passing it with each request. username passed with request will override the global variable.
 password : password to be used for authentication while making the request, you can also declare a global/suite/test variable ${password} beforehand rather than passing it with each request. password passed with request will override the global variable.
# Response Channelization
sponse Channelization (RC) is special and unique feature of RESTLibrary, which lets you extract and channelize the data from response of one API call to next API call with least efforts and in scalable manner.
 It can channelize data from response body and response headers both.
 In case of response body channelization you can either channelize selective data or entire body itself based on your need.
 While channelizing entire body you also have an option to update it if needed.</doc>
<status status="PASS" start="2025-11-07T11:59:40.031980" elapsed="0.706883"/>
</kw>
<kw name="Extract From Response" owner="JiraAPIKeywords">
<kw name="Execute RC" owner="RESTLibrary">
<msg time="2025-11-07T11:59:40.746962" level="INFO">data_manager.RC('''transition_DEMO-355''','''body''','''$.errorMessages[0]''')
Issue does not exist or you do not have permission to see it.</msg>
<msg time="2025-11-07T11:59:40.746962" level="INFO">${value} = Issue does not exist or you do not have permission to see it.</msg>
<var>${value}</var>
<arg>&lt;&lt;&lt;rc, ${request_id}, body, ${json_path}&gt;&gt;&gt;</arg>
<doc>input : lets you evaluate all the RC macros, including multiple RCs and NOW immediately and run the response channelization, you can store the value in any variable and use it as required
                            &lt;&lt;&lt;NOW&gt;&gt;&gt;___SomeText__&lt;&lt;&lt;RC, src request id, body, json path&gt;&gt;&gt;
                            &lt;&lt;&lt;NOW&gt;&gt;&gt;
                            &lt;&lt;&lt;RC, src request id, body, json path&gt;&gt;&gt;
                            &lt;&lt;&lt;RC, src request id, header, header name&gt;&gt;&gt;
                          we can also have an Entire Response Channelization where entire response of the src request will be channelized after merging with the patch json, patch can be a file path or json conrent
                          using this we can add, delete and update the nodes from src json response. (deletion can be achieved using &lt;&lt;&lt;delete&gt;&gt;&gt; value)
                            &lt;&lt;&lt;RC, src request id, body, patch json&gt;&gt;&gt;
Returns:
    returns the value after running the response channelization, it could be a single node value or entire json, depending on whether it is normal RC or entire</doc>
<status status="PASS" start="2025-11-07T11:59:40.741991" elapsed="0.004971"/>
</kw>
<return>
<value>${value}</value>
<status status="PASS" start="2025-11-07T11:59:40.746962" elapsed="0.000000"/>
</return>
<msg time="2025-11-07T11:59:40.746962" level="INFO">${error} = Issue does not exist or you do not have permission to see it.</msg>
<var>${error}</var>
<arg>${request_id}</arg>
<arg>$.errorMessages[0]</arg>
<status status="PASS" start="2025-11-07T11:59:40.738863" elapsed="0.008099"/>
</kw>
<kw name="Log" owner="BuiltIn">
<msg time="2025-11-07T11:59:40.746962" level="INFO">Error message on transition attempt for deleted issue DEMO-355: Issue does not exist or you do not have permission to see it.</msg>
<arg>Error message on transition attempt for deleted issue ${issue_key}: ${error}</arg>
<arg>console=True</arg>
<doc>Logs the given message with the given level.</doc>
<status status="PASS" start="2025-11-07T11:59:40.746962" elapsed="0.000000"/>
</kw>
<arg>${issue_key}</arg>
<arg>${EMAIL}</arg>
<arg>${API_TOKEN}</arg>
<status status="PASS" start="2025-11-07T11:59:40.031980" elapsed="0.714982"/>
</kw>
<doc>Negative test: transition on deleted issue should return 404</doc>
<tag>NegativeTest_API</tag>
<status status="PASS" start="2025-11-07T11:59:37.025644" elapsed="3.721318"/>
</test>
<test id="s1-t5" name="Validate Create Issue Without Summary_Status code 400" line="64">
<kw name="Validate Create Issue Without Summary" owner="JiraAPIKeywords">
<kw name="Set Variable" owner="BuiltIn">
<msg time="2025-11-07T11:59:40.757414" level="INFO">${request_id} = missing_summary_test</msg>
<var>${request_id}</var>
<arg>missing_summary_test</arg>
<doc>Returns the given values which can then be assigned to a variables.</doc>
<status status="PASS" start="2025-11-07T11:59:40.757414" elapsed="0.000000"/>
</kw>
<kw name="Create Jira Headers" owner="JiraAPIKeywords">
<kw name="Create Dictionary" owner="BuiltIn">
<msg time="2025-11-07T11:59:40.757414" level="INFO">${headers} = {'Content-Type': 'application/json', 'Accept': 'application/json'}</msg>
<var>${headers}</var>
<arg>Content-Type=${content_type}</arg>
<arg>Accept=application/json</arg>
<doc>Creates and returns a dictionary based on the given ``items``.</doc>
<status status="PASS" start="2025-11-07T11:59:40.757414" elapsed="0.000000"/>
</kw>
<return>
<value>${headers}</value>
<status status="PASS" start="2025-11-07T11:59:40.757414" elapsed="0.000000"/>
</return>
<msg time="2025-11-07T11:59:40.757414" level="INFO">${headers} = {'Content-Type': 'application/json', 'Accept': 'application/json'}</msg>
<var>${headers}</var>
<status status="PASS" start="2025-11-07T11:59:40.757414" elapsed="0.000000"/>
</kw>
<kw name="Create Dictionary" owner="BuiltIn">
<msg time="2025-11-07T11:59:40.757414" level="INFO">${project} = {'key': 'DEMO'}</msg>
<var>${project}</var>
<arg>key=${PROJECT_KEY}</arg>
<doc>Creates and returns a dictionary based on the given ``items``.</doc>
<status status="PASS" start="2025-11-07T11:59:40.757414" elapsed="0.000000"/>
</kw>
<kw name="Create Dictionary" owner="BuiltIn">
<msg time="2025-11-07T11:59:40.757414" level="INFO">${issuetype} = {'name': 'Task'}</msg>
<var>${issuetype}</var>
<arg>name=Task</arg>
<doc>Creates and returns a dictionary based on the given ``items``.</doc>
<status status="PASS" start="2025-11-07T11:59:40.757414" elapsed="0.000000"/>
</kw>
<kw name="Create Dictionary" owner="BuiltIn">
<msg time="2025-11-07T11:59:40.757414" level="INFO">${fields} = {'project': {'key': 'DEMO'}, 'issuetype': {'name': 'Task'}}</msg>
<var>${fields}</var>
<arg>project=${project}</arg>
<arg>issuetype=${issuetype}</arg>
<doc>Creates and returns a dictionary based on the given ``items``.</doc>
<status status="PASS" start="2025-11-07T11:59:40.757414" elapsed="0.000000"/>
</kw>
<kw name="Create Dictionary" owner="BuiltIn">
<msg time="2025-11-07T11:59:40.757414" level="INFO">${payload} = {'fields': {'project': {'key': 'DEMO'}, 'issuetype': {'name': 'Task'}}}</msg>
<var>${payload}</var>
<arg>fields=${fields}</arg>
<doc>Creates and returns a dictionary based on the given ``items``.</doc>
<status status="PASS" start="2025-11-07T11:59:40.757414" elapsed="0.000000"/>
</kw>
<kw name="Make HTTP Request" owner="RESTLibrary">
<msg time="2025-11-07T11:59:40.757414" level="INFO">${requestInfo} = &lt;RESTLibrary.request_info.request_info object at 0x0000026422E654C0&gt;</msg>
<kw name="Generate HTTP Request" owner="RESTLibrary">
<kw name="Generate Url" owner="RESTLibrary">
<kw name="Log" owner="BuiltIn">
<msg time="2025-11-07T11:59:40.757414" level="INFO">https://automationbot999.atlassian.net/rest/api/2/issue</msg>
<arg>${_requestInfo.url}</arg>
<doc>Logs the given message with the given level.</doc>
<status status="PASS" start="2025-11-07T11:59:40.757414" elapsed="0.000000"/>
</kw>
<arg>${_requestInfo}</arg>
<status status="PASS" start="2025-11-07T11:59:40.757414" elapsed="0.000000"/>
</kw>
<kw name="Process Authentication" owner="RESTLibrary">
<msg time="2025-11-07T11:59:40.757414" level="INFO">Basic YXV0b21hdGlvbmJvdDk5OUBnbWFpbC5jb206QVRBVFQzeEZmR0YwcWl5MU9HZzN5N2tya19fY3piaHhDTE9ISjZoVXpLbnRUeEE3aEQtVmY4bGVKLURIUmE5bnIxcEctOTVodVlwQ25SNllDMFRQU0pLaUFvc0l4RmJpUUxNWDd2N2VoQzJqQ0dMUWZSZXJvdGJPYkJLbFRsN0tZa0pvZHU0U0tnSlhuNzNtRnVueUlTWm5yMXpYOHVjMjZnX2I3dmpYMEdhWkxCNmUzcGVPZE1RPTI4RTkxOUUy</msg>
<arg>${_requestInfo}</arg>
<status status="PASS" start="2025-11-07T11:59:40.757414" elapsed="0.000000"/>
</kw>
<kw name="Generate Request Headers" owner="RESTLibrary">
<kw name="Log" owner="BuiltIn">
<msg time="2025-11-07T11:59:40.757414" level="INFO">{'Content-Type': 'application/json', 'Accept': 'application/json', 'Authorization': 'Basic YXV0b21hdGlvbmJvdDk5OUBnbWFpbC5jb206QVRBVFQzeEZmR0YwcWl5MU9HZzN5N2tya19fY3piaHhDTE9ISjZoVXpLbnRUeEE3aEQtVmY4bGVKLURIUmE5bnIxcEctOTVodVlwQ25SNllDMFRQU0pLaUFvc0l4RmJpUUxNWDd2N2VoQzJqQ0dMUWZSZXJvdGJPYkJLbFRsN0tZa0pvZHU0U0tnSlhuNzNtRnVueUlTWm5yMXpYOHVjMjZnX2I3dmpYMEdhWkxCNmUzcGVPZE1RPTI4RTkxOUUy'}</msg>
<arg>${_requestInfo.requestHeaders}</arg>
<doc>Logs the given message with the given level.</doc>
<status status="PASS" start="2025-11-07T11:59:40.757414" elapsed="0.000000"/>
</kw>
<arg>${_requestInfo}</arg>
<status status="PASS" start="2025-11-07T11:59:40.757414" elapsed="0.000000"/>
</kw>
<kw name="Generate Request Body" owner="RESTLibrary">
<kw name="Log" owner="BuiltIn">
<msg time="2025-11-07T11:59:40.757414" level="INFO">{"fields": {"project": {"key": "DEMO"}, "issuetype": {"name": "Task"}}}</msg>
<arg>${_requestInfo.requestBody}</arg>
<doc>Logs the given message with the given level.</doc>
<status status="PASS" start="2025-11-07T11:59:40.757414" elapsed="0.000000"/>
</kw>
<arg>${_requestInfo}</arg>
<status status="PASS" start="2025-11-07T11:59:40.757414" elapsed="0.000000"/>
</kw>
<arg>${requestInfo}</arg>
<status status="PASS" start="2025-11-07T11:59:40.757414" elapsed="0.000000"/>
</kw>
<msg time="2025-11-07T11:59:40.757414" level="INFO">${requestInfo} = &lt;RESTLibrary.request_info.request_info object at 0x0000026422E654C0&gt;</msg>
<kw name="Process Http Request" owner="RESTLibrary">
<kw name="Log" owner="BuiltIn">
<msg time="2025-11-07T11:59:41.608041" level="INFO">{
    "errorMessages": [],
    "errors": {
        "summary": "You must specify a summary of the issue."
    }
}</msg>
<arg>${_requestInfo.responseBody}</arg>
<doc>Logs the given message with the given level.</doc>
<status status="PASS" start="2025-11-07T11:59:41.608041" elapsed="0.000000"/>
</kw>
<kw name="Log" owner="BuiltIn">
<msg time="2025-11-07T11:59:41.608041" level="INFO">{
    "Content-Type": "application/json;charset=UTF-8",
    "Transfer-Encoding": "chunked",
    "Connection": "keep-alive",
    "Date": "Fri, 07 Nov 2025 06:29:40 GMT",
    "Server": "AtlassianEdge",
    "Timing-Allow-Origin": "*",
    "X-Arequestid": "407e22962c14bb3efa497e7c50ca2c8c",
    "Set-Cookie": "atlassian.xsrf.token=4ecb9763f468678a74ca84bd56cba6780ebf2c24_lin; Path=/; SameSite=None; Secure",
    "X-Aaccountid": "712020%3Aff5b844e-f255-4bab-964d-19098454b36c",
    "Cache-Control": "no-cache, no-store, no-transform",
    "X-Beta-Ratelimit-Limit": "200",
    "X-Beta-Ratelimit-Remaining": "199",
    "X-Content-Type-Options": "nosniff",
    "X-Xss-Protection": "1; mode=block",
    "Atl-Traceid": "75d1fa2bd235429e8081562df22bbc4f",
    "Atl-Request-Id": "75d1fa2b-d235-429e-8081-562df22bbc4f",
    "Strict-Transport-Security": "max-age=63072000; includeSubDomains; preload",
    "Report-To": "{\"endpoints\": [{\"url\": \"https://dz8aopenkvv6s.cloudfront.net\"}], \"group\": \"endpoint-1\", \"include_subdomains\": true, \"max_age\": 600}",
    "Nel": "{\"failure_fraction\": 0.001, \"include_subdomains\": true, \"max_age\": 600, \"report_to\": \"endpoint-1\"}",
    "Server-Timing": "atl-edge;dur=375,atl-edge-internal;dur=15,atl-edge-upstream;dur=360,atl-edge-pop;desc=\"aws-ap-south-1\"",
    "X-Cache": "Error from cloudfront",
    "Via": "1.1 719a8a3051824d9bf82ea46b74aff862.cloudfront.net (CloudFront)",
    "X-Amz-Cf-Pop": "BOM78-P4",
    "X-Amz-Cf-Id": "jJaXk2qK8hEHXj9yIysm-23wL3HujWp3YwzRIycH9Khn9J2zP4PE5Q=="
}</msg>
<arg>${_requestInfo.responseHeaders}</arg>
<doc>Logs the given message with the given level.</doc>
<status status="PASS" start="2025-11-07T11:59:41.608041" elapsed="0.000000"/>
</kw>
<kw name="Log" owner="BuiltIn">
<msg time="2025-11-07T11:59:41.608041" level="INFO">400</msg>
<arg>${_requestInfo.responseStatusCode}</arg>
<doc>Logs the given message with the given level.</doc>
<status status="PASS" start="2025-11-07T11:59:41.608041" elapsed="0.000000"/>
</kw>
<arg>${requestInfo}</arg>
<status status="PASS" start="2025-11-07T11:59:40.757414" elapsed="0.850627"/>
</kw>
<msg time="2025-11-07T11:59:41.608041" level="INFO">${requestInfo} = &lt;RESTLibrary.request_info.request_info object at 0x0000026422E654C0&gt;</msg>
<kw name="Verify Response Against Baselines" owner="RESTLibrary">
<kw name="Verify Status Code" owner="RESTLibrary">
<kw name="Should Be Equal As Strings" owner="BuiltIn">
<arg>400</arg>
<arg>400</arg>
<doc>Fails if objects are unequal after converting them to strings.</doc>
<status status="PASS" start="2025-11-07T11:59:41.608041" elapsed="0.000000"/>
</kw>
<arg>&lt;RESTLibrary.request_info.request_info object at 0x0000026422E654C0&gt;</arg>
<status status="PASS" start="2025-11-07T11:59:41.608041" elapsed="0.000000"/>
</kw>
<arg>${requestInfo}</arg>
<status status="PASS" start="2025-11-07T11:59:41.608041" elapsed="0.000000"/>
</kw>
<arg>${request_id}</arg>
<arg>${BASE_URL}/rest/api/2/issue</arg>
<arg>method=POST</arg>
<arg>requestHeaders=${headers}</arg>
<arg>requestBody=${payload}</arg>
<arg>expectedStatusCode=400</arg>
<arg>authType=Basic</arg>
<arg>username=${email}</arg>
<arg>password=${token}</arg>
<doc> requestid : an alphanumeric value which helps identify an HTTP request uniquely
 url : entire URI which needs to be invoked, including query parameters.
 method : HTTP method/verb to be used for the REST call, default is GET, other supported values are HEAD, POST, PUT, PATCH and DELETE
 requestHeaders : a dictionary of all the headers which need to be passed with HTTP request, default is empty dictionary which means no headers.
 requestBody : payload/data to be posted along with the request, it can be either a file-path or content itself
 timeout : request timeout in seconds
 authType : Type of authentication to be used, default is NoAuth, means no authentication (default can be changed while importing the library with authType=&lt;myDefaultAuthType\&gt; parameter), other supported value is Basic.
 You can also choose not to use authType variable and provide auth token on your own while making the request in request headers or url based on your API.
 username : username to be used for authentication while making the request, you can also declare a global/suite/test variable ${username} beforehand rather than passing it with each request. username passed with request will override the global variable.
 password : password to be used for authentication while making the request, you can also declare a global/suite/test variable ${password} beforehand rather than passing it with each request. password passed with request will override the global variable.
# Response Channelization
sponse Channelization (RC) is special and unique feature of RESTLibrary, which lets you extract and channelize the data from response of one API call to next API call with least efforts and in scalable manner.
 It can channelize data from response body and response headers both.
 In case of response body channelization you can either channelize selective data or entire body itself based on your need.
 While channelizing entire body you also have an option to update it if needed.</doc>
<status status="PASS" start="2025-11-07T11:59:40.757414" elapsed="0.850627"/>
</kw>
<kw name="Extract From Response" owner="JiraAPIKeywords">
<kw name="Execute RC" owner="RESTLibrary">
<msg time="2025-11-07T11:59:41.623394" level="INFO">data_manager.RC('''missing_summary_test''','''body''','''$.errors.summary''')
You must specify a summary of the issue.</msg>
<msg time="2025-11-07T11:59:41.623394" level="INFO">${value} = You must specify a summary of the issue.</msg>
<var>${value}</var>
<arg>&lt;&lt;&lt;rc, ${request_id}, body, ${json_path}&gt;&gt;&gt;</arg>
<doc>input : lets you evaluate all the RC macros, including multiple RCs and NOW immediately and run the response channelization, you can store the value in any variable and use it as required
                            &lt;&lt;&lt;NOW&gt;&gt;&gt;___SomeText__&lt;&lt;&lt;RC, src request id, body, json path&gt;&gt;&gt;
                            &lt;&lt;&lt;NOW&gt;&gt;&gt;
                            &lt;&lt;&lt;RC, src request id, body, json path&gt;&gt;&gt;
                            &lt;&lt;&lt;RC, src request id, header, header name&gt;&gt;&gt;
                          we can also have an Entire Response Channelization where entire response of the src request will be channelized after merging with the patch json, patch can be a file path or json conrent
                          using this we can add, delete and update the nodes from src json response. (deletion can be achieved using &lt;&lt;&lt;delete&gt;&gt;&gt; value)
                            &lt;&lt;&lt;RC, src request id, body, patch json&gt;&gt;&gt;
Returns:
    returns the value after running the response channelization, it could be a single node value or entire json, depending on whether it is normal RC or entire</doc>
<status status="PASS" start="2025-11-07T11:59:41.608041" elapsed="0.015353"/>
</kw>
<return>
<value>${value}</value>
<status status="PASS" start="2025-11-07T11:59:41.623394" elapsed="0.000000"/>
</return>
<msg time="2025-11-07T11:59:41.623394" level="INFO">${error} = You must specify a summary of the issue.</msg>
<var>${error}</var>
<arg>${request_id}</arg>
<arg>$.errors.summary</arg>
<status status="PASS" start="2025-11-07T11:59:41.608041" elapsed="0.015353"/>
</kw>
<kw name="Log" owner="BuiltIn">
<msg time="2025-11-07T11:59:41.623394" level="INFO">Error message for missing summary: You must specify a summary of the issue.</msg>
<arg>Error message for missing summary: ${error}</arg>
<arg>console=True</arg>
<doc>Logs the given message with the given level.</doc>
<status status="PASS" start="2025-11-07T11:59:41.623394" elapsed="0.000000"/>
</kw>
<arg>${EMAIL}</arg>
<arg>${API_TOKEN}</arg>
<status status="PASS" start="2025-11-07T11:59:40.757414" elapsed="0.865980"/>
</kw>
<doc>Negative test: creating issue without summary should return 400</doc>
<tag>NegativeTest_API</tag>
<status status="PASS" start="2025-11-07T11:59:40.757414" elapsed="0.865980"/>
</test>
<doc>E2E flow for create, update, status transition, and delete Task in JIRA</doc>
<status status="PASS" start="2025-11-07T11:56:26.408713" elapsed="195.214681"/>
</suite>
<statistics>
<total>
<stat pass="5" fail="0" skip="0">All Tests</stat>
</total>
<tag>
<stat pass="2" fail="0" skip="0">API_UI_API</stat>
<stat pass="2" fail="0" skip="0">NegativeTest_API</stat>
<stat pass="1" fail="0" skip="0">UI_API_UI</stat>
</tag>
<suite>
<stat name="Test E2Eflow JiraIssue Task" id="s1" pass="5" fail="0" skip="0">Test E2Eflow JiraIssue Task</stat>
</suite>
</statistics>
<errors>
</errors>
</robot>
